2025-02-24 14:20:42,908 [INFO] Activator:176 - 


2025-02-24 14:20:42,914 [INFO] Activator:177 - !SESSION log4j initialized
2025-02-24 14:20:45,950 [INFO] LogOutputStream:77 - [STDOUT_REDIRECT] 
2025-02-24 14:20:48,806 [INFO] ApplicationProperties:184 - Using Application install path: /opt/st/stm32cubeide_1.16.1/plugins/com.st.stm32cube.common.mx_6.12.1.202409122256
2025-02-24 14:20:48,833 [INFO] DbMcusXml:78 - Set database path to: /opt/st/stm32cubeide_1.16.1/plugins/com.st.stm32cube.common.mx_6.12.1.202409122256//db//mcu/
2025-02-24 14:20:48,833 [INFO] ApiDb:274 - Set plugin database path to: /opt/st/stm32cubeide_1.16.1/plugins/com.st.stm32cube.common.mx_6.12.1.202409122256//db//plugins/boardmanager/
2025-02-24 14:20:48,834 [WARN] ApiDb:259 - Overriding images path with different value:  => /opt/st/stm32cubeide_1.16.1/plugins/com.st.stm32cube.common.mx_6.12.1.202409122256//db//plugins/mcufinder/images/
2025-02-24 14:20:48,843 [INFO] ApiDb:250 - Set database path to: /home/martin/.stmcufinder/plugins/mcufinder//mcu/
2025-02-24 14:20:48,845 [INFO] DbMcusAds:125 - Set database path to: /home/martin/.stmcufinder/plugins/mcufinder//mcu/
2025-02-24 14:20:48,849 [INFO] CrossReferenceDbSqlite:203 - Set database path to: /home/martin/.stmcufinder/plugins/mcufinder//mcu/cs/
2025-02-24 14:20:49,032 [INFO] RulesReader:64 - Compatibility file has been processed (297 Rules)
2025-02-24 14:20:49,126 [INFO] DbMcusXml:78 - Set database path to: /opt/st/stm32cubeide_1.16.1/plugins/com.st.stm32cube.common.mx_6.12.1.202409122256//db//mcu/
2025-02-24 14:20:49,127 [INFO] ApiDb:274 - Set plugin database path to: /opt/st/stm32cubeide_1.16.1/plugins/com.st.stm32cube.common.mx_6.12.1.202409122256//db//plugins/boardmanager/
2025-02-24 14:20:49,127 [INFO] ApiDb:261 - Set plugin images path to: /opt/st/stm32cubeide_1.16.1/plugins/com.st.stm32cube.common.mx_6.12.1.202409122256//db//plugins/mcufinder/images/
2025-02-24 14:20:49,127 [WARN] DbFile:41 - Overriding database path with different value: /home/martin/.stmcufinder/plugins/mcufinder/ => /home/martin/.stmcufinder/plugins/mcufinder
2025-02-24 14:20:49,128 [INFO] ApiDb:250 - Set database path to: /home/martin/.stmcufinder/plugins/mcufinder//mcu/
2025-02-24 14:20:49,128 [WARN] DbFile:41 - Overriding database path with different value: /home/martin/.stmcufinder/plugins/mcufinder/ => /home/martin/.stmcufinder/plugins/mcufinder
2025-02-24 14:20:49,128 [INFO] DbMcusAds:125 - Set database path to: /home/martin/.stmcufinder/plugins/mcufinder//mcu/
2025-02-24 14:20:49,128 [WARN] DbFile:41 - Overriding database path with different value: /home/martin/.stmcufinder/plugins/mcufinder/ => /home/martin/.stmcufinder/plugins/mcufinder
2025-02-24 14:20:49,128 [WARN] DbFile:41 - Overriding database path with different value: /home/martin/.stmcufinder/plugins/mcufinder/ => /home/martin/.stmcufinder/plugins/mcufinder
2025-02-24 14:20:49,128 [INFO] CrossReferenceDbSqlite:203 - Set database path to: /home/martin/.stmcufinder/plugins/mcufinder//mcu/cs/
2025-02-24 14:20:49,228 [INFO] MainPanel:268 - HeapMemory: 268435456
2025-02-24 14:20:49,484 [INFO] DbMcusXml:78 - Set database path to: /opt/st/stm32cubeide_1.16.1/plugins/com.st.stm32cube.common.mx_6.12.1.202409122256//db//mcu/
2025-02-24 14:20:49,484 [INFO] ApiDb:274 - Set plugin database path to: /opt/st/stm32cubeide_1.16.1/plugins/com.st.stm32cube.common.mx_6.12.1.202409122256//db//plugins/boardmanager/
2025-02-24 14:20:49,484 [INFO] ApiDb:261 - Set plugin images path to: /opt/st/stm32cubeide_1.16.1/plugins/com.st.stm32cube.common.mx_6.12.1.202409122256//db//plugins/mcufinder/images/
2025-02-24 14:20:49,485 [WARN] DbFile:41 - Overriding database path with different value: /home/martin/.stmcufinder/plugins/mcufinder/ => /home/martin/.stmcufinder/plugins/mcufinder
2025-02-24 14:20:49,485 [INFO] ApiDb:250 - Set database path to: /home/martin/.stmcufinder/plugins/mcufinder//mcu/
2025-02-24 14:20:49,485 [WARN] DbFile:41 - Overriding database path with different value: /home/martin/.stmcufinder/plugins/mcufinder/ => /home/martin/.stmcufinder/plugins/mcufinder
2025-02-24 14:20:49,485 [INFO] DbMcusAds:125 - Set database path to: /home/martin/.stmcufinder/plugins/mcufinder//mcu/
2025-02-24 14:20:49,485 [WARN] DbFile:41 - Overriding database path with different value: /home/martin/.stmcufinder/plugins/mcufinder/ => /home/martin/.stmcufinder/plugins/mcufinder
2025-02-24 14:20:49,485 [WARN] DbFile:41 - Overriding database path with different value: /home/martin/.stmcufinder/plugins/mcufinder/ => /home/martin/.stmcufinder/plugins/mcufinder
2025-02-24 14:20:49,486 [INFO] CrossReferenceDbSqlite:203 - Set database path to: /home/martin/.stmcufinder/plugins/mcufinder//mcu/cs/
2025-02-24 14:20:49,508 [INFO] ApplicationProperties:184 - Using Application install path: /opt/st/stm32cubeide_1.16.1/plugins/com.st.stm32cube.common.mx_6.12.1.202409122256
2025-02-24 14:20:49,510 [INFO] PluginManage:196 - Search for loadable plugins [exclusion list=, ]
2025-02-24 14:20:49,512 [INFO] PluginManage:310 - Check plugin analytics
2025-02-24 14:20:49,763 [INFO] AnalyticsPlugin:253 - Accepted Software Licenses: 
2025-02-24 14:20:49,764 [INFO] AnalyticsPlugin:255 - Accepted CMSIS Pack Licenses: 
2025-02-24 14:20:49,764 [INFO] AnalyticsPlugin:257 - Accepted Firmware Licenses: FW.F4.1.28.0,FW.L4.1.18.0
2025-02-24 14:20:49,768 [INFO] PluginManage:359 - Loaded plugin analytics (category:tool,tabindex:-1)
2025-02-24 14:20:49,768 [INFO] PluginManage:310 - Check plugin cadmodel
2025-02-24 14:20:49,776 [INFO] CADModel:105 - Init CAD model plugin
2025-02-24 14:20:49,776 [INFO] PluginManage:359 - Loaded plugin cadmodel (category:power,tabindex:5)
2025-02-24 14:20:49,777 [INFO] PluginManage:310 - Check plugin clock
2025-02-24 14:20:49,797 [INFO] PluginManage:359 - Loaded plugin clock (category:base,tabindex:2)
2025-02-24 14:20:49,797 [INFO] PluginManage:310 - Check plugin ddr
2025-02-24 14:20:49,806 [INFO] PluginManage:359 - Loaded plugin ddr (category:tool,tabindex:6)
2025-02-24 14:20:49,806 [INFO] PluginManage:310 - Check plugin filemanager
2025-02-24 14:20:50,048 [INFO] PluginManage:359 - Loaded plugin filemanager (category:base,tabindex:10)
2025-02-24 14:20:50,048 [INFO] PluginManage:310 - Check plugin ipmanager
2025-02-24 14:20:50,056 [INFO] PluginManage:359 - Loaded plugin ipmanager (category:base,tabindex:5)
2025-02-24 14:20:50,056 [INFO] PluginManage:310 - Check plugin lpbam
2025-02-24 14:20:50,069 [INFO] PluginManage:359 - Loaded plugin lpbam (category:base,tabindex:0)
2025-02-24 14:20:50,070 [INFO] PluginManage:310 - Check plugin memorymap
2025-02-24 14:20:50,089 [INFO] PluginManage:359 - Loaded plugin memorymap (category:base,tabindex:4)
2025-02-24 14:20:50,089 [INFO] PluginManage:310 - Check plugin pinoutandconfiguration
2025-02-24 14:20:50,102 [INFO] PluginManage:359 - Loaded plugin pinoutandconfiguration (category:base,tabindex:1)
2025-02-24 14:20:50,102 [INFO] PluginManage:310 - Check plugin pinoutconfig
2025-02-24 14:20:50,231 [WARN] SupportedApi:132 - Cannot load RTOS API schema: s4s-elt-must-match.1: The content of 'definitions' must match (annotation?, (simpleType | complexType)?, (unique | key | keyref)*)). A problem was found starting at: attribute.
2025-02-24 14:20:50,482 [INFO] PluginManage:359 - Loaded plugin pinoutconfig (category:base,tabindex:0)
2025-02-24 14:20:50,482 [INFO] PluginManage:310 - Check plugin power
2025-02-24 14:20:50,498 [INFO] PluginManage:359 - Loaded plugin power (category:power,tabindex:4)
2025-02-24 14:20:50,498 [INFO] PluginManage:310 - Check plugin projectmanager
2025-02-24 14:20:50,523 [INFO] PluginManage:359 - Loaded plugin projectmanager (category:projectmanager,tabindex:4)
2025-02-24 14:20:50,523 [INFO] PluginManage:310 - Check plugin rif
2025-02-24 14:20:50,531 [INFO] PluginManage:359 - Loaded plugin rif (category:base,tabindex:3)
2025-02-24 14:20:50,531 [INFO] PluginManage:310 - Check plugin thirdparty
2025-02-24 14:20:50,703 [WARN] IntegrityCheckThread:84 - waiting for thirdparty lock release [integrity check]
2025-02-24 14:20:50,703 [INFO] PluginManage:359 - Loaded plugin thirdparty (category:base,tabindex:-1)
2025-02-24 14:20:50,704 [INFO] IntegrityCheckThread:86 - entering critical section [integrity check]
2025-02-24 14:20:50,704 [INFO] PluginManage:310 - Check plugin tools
2025-02-24 14:20:50,705 [INFO] ThirdPartyUpdaterWithRetryManager:70 - Updater plugin not ready yet. [1/15]
2025-02-24 14:20:50,707 [INFO] PluginManage:359 - Loaded plugin tools (category:base,tabindex:7)
2025-02-24 14:20:50,708 [INFO] PluginManage:310 - Check plugin tutovideos
2025-02-24 14:20:50,972 [INFO] PluginManage:359 - Loaded plugin tutovideos (category:base,tabindex:-1)
2025-02-24 14:20:50,973 [INFO] PluginManage:310 - Check plugin updater
2025-02-24 14:20:50,997 [INFO] PluginManage:359 - Loaded plugin updater (category:base,tabindex:12)
2025-02-24 14:20:50,998 [INFO] PluginManage:310 - Check plugin userauth
2025-02-24 14:20:51,006 [INFO] UserAuth:113 - Init User Auth plugin
2025-02-24 14:20:51,006 [INFO] PluginManage:359 - Loaded plugin userauth (category:base,tabindex:14)
2025-02-24 14:20:51,007 [INFO] PluginManage:283 - PluginManage : Loaded plugins [18]
2025-02-24 14:20:51,246 [INFO] PinOutPanel:1561 - setPackage(No Configuration,No Configuration)
2025-02-24 14:20:51,353 [INFO] CADModel:165 - CPN selected for project level
2025-02-24 14:20:51,353 [INFO] CADModel:114 - Register for checkConnection events
2025-02-24 14:20:51,372 [INFO] IPUIPlugin:80 - create IPUIPlugin
2025-02-24 14:20:51,373 [INFO] PluginManager:220 - loadIPPluginJar : add pdm2pcm
2025-02-24 14:20:51,375 [INFO] IPUIPlugin:80 - create IPUIPlugin
2025-02-24 14:20:51,375 [INFO] PluginManager:220 - loadIPPluginJar : add ltdc
2025-02-24 14:20:51,379 [INFO] IPUIPlugin:80 - create IPUIPlugin
2025-02-24 14:20:51,379 [INFO] PluginManager:220 - loadIPPluginJar : add can
2025-02-24 14:20:51,383 [INFO] IPUIPlugin:80 - create IPUIPlugin
2025-02-24 14:20:51,384 [INFO] PluginManager:220 - loadIPPluginJar : add openamp
2025-02-24 14:20:51,388 [INFO] IPUIPlugin:80 - create IPUIPlugin
2025-02-24 14:20:51,388 [INFO] PluginManager:220 - loadIPPluginJar : add ddr_ctrl_phy
2025-02-24 14:20:51,391 [INFO] IPUIPlugin:80 - create IPUIPlugin
2025-02-24 14:20:51,391 [INFO] PluginManager:220 - loadIPPluginJar : add usart
2025-02-24 14:20:51,402 [INFO] IPUIPlugin:80 - create IPUIPlugin
2025-02-24 14:20:51,402 [INFO] PluginManager:220 - loadIPPluginJar : add adc
2025-02-24 14:20:51,406 [INFO] IPUIPlugin:80 - create IPUIPlugin
2025-02-24 14:20:51,406 [INFO] PluginManager:220 - loadIPPluginJar : add touchsensing
2025-02-24 14:20:51,408 [INFO] IPUIPlugin:80 - create IPUIPlugin
2025-02-24 14:20:51,409 [INFO] PluginManager:220 - loadIPPluginJar : add genericplugin
2025-02-24 14:20:51,411 [INFO] IPUIPlugin:80 - create IPUIPlugin
2025-02-24 14:20:51,411 [INFO] PluginManager:220 - loadIPPluginJar : add dfsdm
2025-02-24 14:20:51,415 [INFO] IPUIPlugin:80 - create IPUIPlugin
2025-02-24 14:20:51,415 [INFO] PluginManager:220 - loadIPPluginJar : add usbx
2025-02-24 14:20:51,421 [INFO] IPUIPlugin:80 - create IPUIPlugin
2025-02-24 14:20:51,421 [INFO] PluginManager:220 - loadIPPluginJar : add fmc
2025-02-24 14:20:51,423 [INFO] IPUIPlugin:80 - create IPUIPlugin
2025-02-24 14:20:51,424 [INFO] PluginManager:220 - loadIPPluginJar : add tracer_emb
2025-02-24 14:20:51,428 [INFO] IPUIPlugin:80 - create IPUIPlugin
2025-02-24 14:20:51,428 [INFO] PluginManager:220 - loadIPPluginJar : add ipddr
2025-02-24 14:20:51,436 [INFO] IPUIPlugin:80 - create IPUIPlugin
2025-02-24 14:20:51,436 [INFO] PluginManager:220 - loadIPPluginJar : add freertos
2025-02-24 14:20:51,439 [INFO] IPUIPlugin:80 - create IPUIPlugin
2025-02-24 14:20:51,439 [INFO] PluginManager:220 - loadIPPluginJar : add spi
2025-02-24 14:20:51,441 [INFO] IPUIPlugin:80 - create IPUIPlugin
2025-02-24 14:20:51,441 [INFO] PluginManager:220 - loadIPPluginJar : add tsc
2025-02-24 14:20:51,444 [INFO] IPUIPlugin:80 - create IPUIPlugin
2025-02-24 14:20:51,444 [INFO] PluginManager:220 - loadIPPluginJar : add i2s
2025-02-24 14:20:51,446 [INFO] IPUIPlugin:80 - create IPUIPlugin
2025-02-24 14:20:51,447 [INFO] PluginManager:220 - loadIPPluginJar : add lorawan
2025-02-24 14:20:51,451 [INFO] IPUIPlugin:80 - create IPUIPlugin
2025-02-24 14:20:51,451 [INFO] PluginManager:220 - loadIPPluginJar : add resmgrutility
2025-02-24 14:20:51,454 [INFO] IPUIPlugin:80 - create IPUIPlugin
2025-02-24 14:20:51,454 [INFO] PluginManager:220 - loadIPPluginJar : add ts
2025-02-24 14:20:51,460 [INFO] IPUIPlugin:80 - create IPUIPlugin
2025-02-24 14:20:51,461 [INFO] PluginManager:220 - loadIPPluginJar : add gic
2025-02-24 14:20:51,464 [INFO] IPUIPlugin:80 - create IPUIPlugin
2025-02-24 14:20:51,464 [INFO] PluginManager:220 - loadIPPluginJar : add sai
2025-02-24 14:20:51,466 [INFO] IPUIPlugin:80 - create IPUIPlugin
2025-02-24 14:20:51,467 [INFO] PluginManager:220 - loadIPPluginJar : add radio
2025-02-24 14:20:51,470 [INFO] IPUIPlugin:80 - create IPUIPlugin
2025-02-24 14:20:51,471 [INFO] PluginManager:220 - loadIPPluginJar : add opamp
2025-02-24 14:20:51,472 [INFO] IPUIPlugin:80 - create IPUIPlugin
2025-02-24 14:20:51,472 [INFO] PluginManager:220 - loadIPPluginJar : add comp
2025-02-24 14:20:51,475 [INFO] IPUIPlugin:80 - create IPUIPlugin
2025-02-24 14:20:51,475 [INFO] PluginManager:220 - loadIPPluginJar : add i2c
2025-02-24 14:20:51,477 [INFO] IPUIPlugin:80 - create IPUIPlugin
2025-02-24 14:20:51,477 [INFO] PluginManager:220 - loadIPPluginJar : add fatfs
2025-02-24 14:20:51,479 [INFO] IPUIPlugin:80 - create IPUIPlugin
2025-02-24 14:20:51,480 [INFO] PluginManager:220 - loadIPPluginJar : add gfxmmu
2025-02-24 14:20:51,482 [INFO] IPUIPlugin:80 - create IPUIPlugin
2025-02-24 14:20:51,482 [INFO] PluginManager:220 - loadIPPluginJar : add cryp
2025-02-24 14:20:51,487 [INFO] IPUIPlugin:80 - create IPUIPlugin
2025-02-24 14:20:51,487 [INFO] PluginManager:220 - loadIPPluginJar : add nvic
2025-02-24 14:20:51,489 [INFO] IPUIPlugin:80 - create IPUIPlugin
2025-02-24 14:20:51,489 [INFO] PluginManager:220 - loadIPPluginJar : add quadspi
2025-02-24 14:20:51,491 [INFO] IPUIPlugin:80 - create IPUIPlugin
2025-02-24 14:20:51,491 [INFO] PluginManager:220 - loadIPPluginJar : add dma3
2025-02-24 14:20:51,493 [INFO] IPUIPlugin:80 - create IPUIPlugin
2025-02-24 14:20:51,494 [INFO] PluginManager:220 - loadIPPluginJar : add ucpd
2025-02-24 14:20:51,501 [INFO] IPUIPlugin:80 - create IPUIPlugin
2025-02-24 14:20:51,501 [INFO] PluginManager:220 - loadIPPluginJar : add dma
2025-02-24 14:20:51,509 [INFO] IPUIPlugin:80 - create IPUIPlugin
2025-02-24 14:20:51,510 [INFO] PluginManager:220 - loadIPPluginJar : add mdma
2025-02-24 14:20:51,516 [INFO] IPUIPlugin:80 - create IPUIPlugin
2025-02-24 14:20:51,516 [INFO] PluginManager:220 - loadIPPluginJar : add gpio
2025-02-24 14:20:51,526 [INFO] IPUIPlugin:80 - create IPUIPlugin
2025-02-24 14:20:51,526 [INFO] PluginManager:220 - loadIPPluginJar : add linkedlist
2025-02-24 14:20:51,530 [INFO] IPUIPlugin:80 - create IPUIPlugin
2025-02-24 14:20:51,530 [INFO] PluginManager:220 - loadIPPluginJar : add extmemmanager
2025-02-24 14:20:51,532 [INFO] IPUIPlugin:80 - create IPUIPlugin
2025-02-24 14:20:51,532 [INFO] PluginManager:220 - loadIPPluginJar : add tim
2025-02-24 14:20:51,535 [INFO] IPUIPlugin:80 - create IPUIPlugin
2025-02-24 14:20:51,535 [INFO] PluginManager:220 - loadIPPluginJar : add i3c
2025-02-24 14:20:51,542 [INFO] IPUIPlugin:80 - create IPUIPlugin
2025-02-24 14:20:51,542 [INFO] PluginManager:220 - loadIPPluginJar : add stm32_wpan
2025-02-24 14:20:51,545 [INFO] IPUIPlugin:80 - create IPUIPlugin
2025-02-24 14:20:51,545 [INFO] PluginManager:220 - loadIPPluginJar : add hash
2025-02-24 14:20:51,554 [INFO] IPUIPlugin:80 - create IPUIPlugin
2025-02-24 14:20:51,557 [INFO] PluginManager:220 - loadIPPluginJar : add plateformsettings
2025-02-24 14:20:51,560 [INFO] IPUIPlugin:80 - create IPUIPlugin
2025-02-24 14:20:51,560 [INFO] PluginManager:220 - loadIPPluginJar : add aes
2025-02-24 14:20:51,563 [INFO] IPUIPlugin:80 - create IPUIPlugin
2025-02-24 14:20:51,563 [INFO] PluginManager:220 - loadIPPluginJar : add gtzc
2025-02-24 14:20:51,676 [INFO] CADModel:165 - CPN selected for project level
2025-02-24 14:20:51,676 [INFO] CADModel:114 - Register for checkConnection events
2025-02-24 14:20:51,676 [FATAL] Updater:334 - Updater called before beeing initialized
2025-02-24 14:20:51,676 [ERROR] CADModel:125 - Updater not yet initialized, retry later 
2025-02-24 14:20:51,838 [INFO] CADModel:165 - CPN selected for project level
2025-02-24 14:20:51,838 [INFO] CADModel:114 - Register for checkConnection events
2025-02-24 14:20:51,838 [FATAL] Updater:334 - Updater called before beeing initialized
2025-02-24 14:20:51,838 [ERROR] CADModel:125 - Updater not yet initialized, retry later 
2025-02-24 14:20:51,843 [FATAL] Updater:334 - Updater called before beeing initialized
2025-02-24 14:20:51,953 [FATAL] Updater:334 - Updater called before beeing initialized
2025-02-24 14:20:51,959 [INFO] DbMcusAds:53 - JSON generation date=Fri Sep 20 15:04:38 CEST 2024 (1726837478367)
2025-02-24 14:20:51,959 [FATAL] Updater:334 - Updater called before beeing initialized
2025-02-24 14:20:52,012 [WARN] DetailPanel:346 - Failed to get advertising image, set to default
2025-02-24 14:20:52,134 [FATAL] Updater:334 - Updater called before beeing initialized
2025-02-24 14:20:52,136 [FATAL] Updater:334 - Updater called before beeing initialized
2025-02-24 14:20:52,136 [FATAL] Updater:334 - Updater called before beeing initialized
2025-02-24 14:20:52,137 [WARN] DetailPanel:346 - Failed to get advertising image, set to default
2025-02-24 14:20:52,138 [FATAL] Updater:334 - Updater called before beeing initialized
2025-02-24 14:20:52,182 [ERROR] Updater:1164 - MainUpdater not yet initialized. External WinMGr cannot be set.
2025-02-24 14:20:52,184 [INFO] Updater:1100 - Updater Version found : 6.12.1
2025-02-24 14:20:52,214 [INFO] ApplicationProperties:184 - Using Application install path: /opt/st/stm32cubeide_1.16.1/plugins/com.st.stm32cube.common.mx_6.12.1.202409122256
2025-02-24 14:20:52,236 [ERROR] LogOutputStream:75 - [STDERR_REDIRECT] Feb 24, 2025 2:20:52 PM java.util.prefs.FileSystemPreferences$2 run
2025-02-24 14:20:52,237 [ERROR] LogOutputStream:75 - [STDERR_REDIRECT] WARNING: Could not create system preferences directory. System preferences are unusable.
2025-02-24 14:20:52,237 [ERROR] LogOutputStream:75 - [STDERR_REDIRECT] 
2025-02-24 14:20:53,537 [INFO] MainUpdater:2873 - connection check result : 10
2025-02-24 14:20:53,537 [INFO] MainUpdater:3567 - Updater definition file requires update
2025-02-24 14:20:53,538 [INFO] MainUpdater:290 - Updater Check For Update Now.
2025-02-24 14:20:53,538 [INFO] MicroXplorer:498 - Change Database Version : DB.6.0.121
2025-02-24 14:20:53,547 [INFO] McuFinderGlobals:63 - Set McuFinder mode to 2 (CubeIDE integrated)
2025-02-24 14:20:53,549 [INFO] UserAuth:417 - Internet connection configuration mode: 1
2025-02-24 14:20:53,568 [INFO] JxBrowserEngine:152 - Initiate JxBrowser Engine with user profile folder
2025-02-24 14:20:53,706 [WARN] MainUpdater:1194 - Updater busy. Cannot search thirdparties
2025-02-24 14:20:53,706 [INFO] ThirdPartyUpdaterWithRetryManager:96 - Updater plugin is busy. [1/15]
2025-02-24 14:20:53,778 [INFO] ServerAccessManage:473 - Download File updaters.zip
2025-02-24 14:20:54,745 [INFO] WebApp:167 - Instantiating new browser for Auth
2025-02-24 14:20:54,958 [INFO] FileExtend:240 - Unzip File : updaters.zip
2025-02-24 14:20:54,958 [INFO] FileExtend:255 - Standard Zip Deflate
2025-02-24 14:20:55,601 [INFO] ServerAccessManage:473 - Download File PacksControlFlags.xml
2025-02-24 14:20:56,156 [INFO] ServerAccessManage:473 - Download File cubemx.pidx
2025-02-24 14:20:56,169 [INFO] WebApp:448 - Apply proxy settings
2025-02-24 14:20:56,170 [INFO] WebApp:533 - Chromium requires no authentication
2025-02-24 14:20:56,183 [INFO] WebApp:476 - Direct internet connection detected
2025-02-24 14:20:56,213 [INFO] WebApp:869 - Register for checkConnection events
2025-02-24 14:20:56,213 [INFO] WebApp:448 - Apply proxy settings
2025-02-24 14:20:56,213 [INFO] WebApp:533 - Chromium requires no authentication
2025-02-24 14:20:56,214 [INFO] WebApp:476 - Direct internet connection detected
2025-02-24 14:20:56,492 [INFO] WebApp:220 - Starting web application
2025-02-24 14:20:56,493 [INFO] WebApp:578 - Web application path used /opt/st/stm32cubeide_1.16.1/plugins/com.st.stm32cube.common.mx_6.12.1.202409122256/db/plugins/mcufinder/reactClient1/index.html
2025-02-24 14:20:56,707 [WARN] MainUpdater:1194 - Updater busy. Cannot search thirdparties
2025-02-24 14:20:56,708 [INFO] ThirdPartyUpdaterWithRetryManager:96 - Updater plugin is busy. [2/15]
2025-02-24 14:20:56,712 [INFO] UserAuth:417 - Internet connection configuration mode: 1
2025-02-24 14:20:56,914 [INFO] ServerAccessManage:473 - Download File STMicroelectronics.X-CUBE-AI.pdsc
2025-02-24 14:20:56,977 [INFO] WebApp:186 - Connection restablished
2025-02-24 14:20:59,708 [WARN] MainUpdater:1194 - Updater busy. Cannot search thirdparties
2025-02-24 14:20:59,709 [INFO] ThirdPartyUpdaterWithRetryManager:96 - Updater plugin is busy. [3/15]
2025-02-24 14:21:00,505 [INFO] ServerAccessManage:473 - Download File STMicroelectronics.X-CUBE-FREERTOS.pdsc
2025-02-24 14:21:02,709 [WARN] MainUpdater:1194 - Updater busy. Cannot search thirdparties
2025-02-24 14:21:02,709 [INFO] ThirdPartyUpdaterWithRetryManager:96 - Updater plugin is busy. [4/15]
2025-02-24 14:21:03,356 [INFO] ServerAccessManage:473 - Download File STMicroelectronics.X-CUBE-GNSS1.pdsc
2025-02-24 14:21:05,710 [WARN] MainUpdater:1194 - Updater busy. Cannot search thirdparties
2025-02-24 14:21:05,710 [INFO] ThirdPartyUpdaterWithRetryManager:96 - Updater plugin is busy. [5/15]
2025-02-24 14:21:06,560 [ERROR] ServerAccessManage:1089 - Problem, file not found on Server
2025-02-24 14:21:07,259 [ERROR] ServerAccessManage:1089 - Problem, file not found on Server
2025-02-24 14:21:07,526 [ERROR] ServerAccessManage:1089 - Problem, file not found on Server
2025-02-24 14:21:07,834 [ERROR] ServerAccessManage:1089 - Problem, file not found on Server
2025-02-24 14:21:08,565 [ERROR] ServerAccessManage:1089 - Problem, file not found on Server
2025-02-24 14:21:08,710 [WARN] MainUpdater:1194 - Updater busy. Cannot search thirdparties
2025-02-24 14:21:08,711 [INFO] ThirdPartyUpdaterWithRetryManager:96 - Updater plugin is busy. [6/15]
2025-02-24 14:21:09,115 [ERROR] ServerAccessManage:1089 - Problem, file not found on Server
2025-02-24 14:21:09,424 [INFO] ServerAccessManage:473 - Download File STMicroelectronics.X-CUBE-IPS.pdsc
2025-02-24 14:21:11,201 [INFO] ServerAccessManage:473 - Download File STMicroelectronics.X-CUBE-MEMS1.pdsc
2025-02-24 14:21:11,711 [WARN] MainUpdater:1194 - Updater busy. Cannot search thirdparties
2025-02-24 14:21:11,712 [INFO] ThirdPartyUpdaterWithRetryManager:96 - Updater plugin is busy. [7/15]
2025-02-24 14:21:14,712 [WARN] MainUpdater:1194 - Updater busy. Cannot search thirdparties
2025-02-24 14:21:14,713 [INFO] ThirdPartyUpdaterWithRetryManager:96 - Updater plugin is busy. [8/15]
2025-02-24 14:21:15,268 [ERROR] LogOutputStream:75 - [STDERR_REDIRECT] Feb 24, 2025 2:21:15 PM java.util.prefs.FileSystemPreferences checkLockFile0ErrorCode
2025-02-24 14:21:15,269 [ERROR] LogOutputStream:75 - [STDERR_REDIRECT] WARNING: Could not lock System prefs. Unix error code 2.
2025-02-24 14:21:15,270 [ERROR] LogOutputStream:75 - [STDERR_REDIRECT] 
2025-02-24 14:21:15,271 [ERROR] LogOutputStream:75 - [STDERR_REDIRECT] Feb 24, 2025 2:21:15 PM java.util.prefs.FileSystemPreferences syncWorld
2025-02-24 14:21:15,272 [ERROR] LogOutputStream:75 - [STDERR_REDIRECT] WARNING: Couldn't flush system prefs: java.util.prefs.BackingStoreException: Couldn't get file lock.
2025-02-24 14:21:15,272 [ERROR] LogOutputStream:75 - [STDERR_REDIRECT] 
2025-02-24 14:21:17,713 [WARN] MainUpdater:1194 - Updater busy. Cannot search thirdparties
2025-02-24 14:21:17,714 [INFO] ThirdPartyUpdaterWithRetryManager:96 - Updater plugin is busy. [9/15]
2025-02-24 14:21:18,980 [INFO] ServerAccessManage:473 - Download File STMicroelectronics.X-CUBE-TCPP.pdsc
2025-02-24 14:21:19,254 [INFO] ServerAccessManage:473 - Download File STMicroelectronics.X-CUBE-TOUCHGFX.pdsc
2025-02-24 14:21:20,715 [WARN] MainUpdater:1194 - Updater busy. Cannot search thirdparties
2025-02-24 14:21:20,715 [INFO] ThirdPartyUpdaterWithRetryManager:96 - Updater plugin is busy. [10/15]
2025-02-24 14:21:23,715 [WARN] MainUpdater:1194 - Updater busy. Cannot search thirdparties
2025-02-24 14:21:23,716 [INFO] ThirdPartyUpdaterWithRetryManager:96 - Updater plugin is busy. [11/15]
2025-02-24 14:21:26,716 [WARN] MainUpdater:1194 - Updater busy. Cannot search thirdparties
2025-02-24 14:21:26,717 [INFO] ThirdPartyUpdaterWithRetryManager:96 - Updater plugin is busy. [12/15]
2025-02-24 14:21:28,423 [WARN] PackLoader:240 - Cannot read IP mode file for STMicroelectronics.X-CUBE-AI.10.0.0
2025-02-24 14:21:28,453 [WARN] PackLoader:240 - Cannot read IP mode file for STMicroelectronics.X-CUBE-FREERTOS.1.3.0
2025-02-24 14:21:28,485 [WARN] PackLoader:240 - Cannot read IP mode file for STMicroelectronics.X-CUBE-GNSS1.7.0.1
2025-02-24 14:21:28,512 [WARN] PopulateThirdPartyThread:106 - Error when creating pack: /home/martin/.stm32cubemx/thirdparties/pdsc/STMicroelectronics.X-CUBE-IPS.pdsc
2025-02-24 14:21:28,662 [INFO] CheckServerUpdateThread:120 - End of CheckServer Thread
2025-02-24 14:21:28,796 [WARN] PackLoader:240 - Cannot read IP mode file for STMicroelectronics.X-CUBE-MEMS1.11.1.0
2025-02-24 14:21:29,248 [WARN] PopulateThirdPartyThread:106 - Error when creating pack: /home/martin/.stm32cubemx/thirdparties/pdsc/STMicroelectronics.X-CUBE-TCPP.pdsc
2025-02-24 14:21:29,258 [WARN] PackLoader:240 - Cannot read IP mode file for STMicroelectronics.X-CUBE-TOUCHGFX.4.24.2
2025-02-24 14:21:29,259 [INFO] PopulateThirdPartyThread:66 - Ending populate Thread
2025-02-24 14:21:29,265 [INFO] ThirdParty:1030 - CMSIS Pack Vendor :STMicroelectronics X-CUBE-AI 10.0.0
2025-02-24 14:21:29,266 [INFO] ThirdParty:1030 - CMSIS Pack Vendor :STMicroelectronics X-CUBE-FREERTOS 1.3.0
2025-02-24 14:21:29,266 [INFO] ThirdParty:1030 - CMSIS Pack Vendor :STMicroelectronics X-CUBE-GNSS1 7.0.1
2025-02-24 14:21:29,266 [INFO] ThirdParty:1030 - CMSIS Pack Vendor :STMicroelectronics X-CUBE-MEMS1 11.1.0
2025-02-24 14:21:29,266 [INFO] ThirdParty:1030 - CMSIS Pack Vendor :STMicroelectronics X-CUBE-TOUCHGFX 4.24.2
2025-02-24 14:21:29,267 [INFO] LoadServerUpdatesThread:375 - End of LoadServerUpdate Thread
2025-02-24 14:21:29,921 [WARN] PackLoader:240 - Cannot read IP mode file for STMicroelectronics.FP-SNS-MOTENVWB1.1.4.0
2025-02-24 14:21:29,929 [WARN] PackLoader:240 - Cannot read IP mode file for STMicroelectronics.FP-ATR-ASTRA1.2.0.1
2025-02-24 14:21:29,935 [WARN] PackLoader:240 - Cannot read IP mode file for STMicroelectronics.X-CUBE-SMBUS.2.1.0
2025-02-24 14:21:29,945 [WARN] PackLoader:240 - Cannot read IP mode file for STMicroelectronics.X-CUBE-WB05N.1.1.0
2025-02-24 14:21:30,001 [WARN] PackLoader:240 - Cannot read IP mode file for STMicroelectronics.X-CUBE-AZRTOS-F7.1.1.0
2025-02-24 14:21:30,108 [WARN] PackLoader:240 - Cannot read IP mode file for STMicroelectronics.X-CUBE-MEMS1.11.0.0
2025-02-24 14:21:30,436 [WARN] PackLoader:240 - Cannot read IP mode file for STMicroelectronics.FP-SNS-FLIGHT1.5.0.2
2025-02-24 14:21:30,445 [WARN] PackLoader:240 - Cannot read IP mode file for STMicroelectronics.X-CUBE-DISPLAY.3.0.0
2025-02-24 14:21:30,459 [WARN] PackLoader:240 - Cannot read IP mode file for STMicroelectronics.X-CUBE-BLE1.7.0.0
2025-02-24 14:21:30,470 [WARN] PackLoader:240 - Cannot read IP mode file for STMicroelectronics.X-CUBE-NFC10.1.0.0
2025-02-24 14:21:30,491 [WARN] PackLoader:240 - Cannot read IP mode file for STMicroelectronics.X-CUBE-BLEMGR.4.0.0
2025-02-24 14:21:30,505 [WARN] PackLoader:240 - Cannot read IP mode file for emotas.I-CUBE-CANOPEN.1.3.0
2025-02-24 14:21:30,521 [WARN] PackLoader:240 - Cannot read IP mode file for STMicroelectronics.X-CUBE-BLEMGR.3.1.0
2025-02-24 14:21:30,530 [WARN] PackLoader:240 - Cannot read IP mode file for STMicroelectronics.X-CUBE-AI.10.0.0
2025-02-24 14:21:30,537 [WARN] PackLoader:240 - Cannot read IP mode file for STMicroelectronics.FP-SNS-SMARTAG2.1.2.0
2025-02-24 14:21:30,643 [WARN] PackLoader:240 - Cannot read IP mode file for STMicroelectronics.X-CUBE-MEMS1.11.1.0
2025-02-24 14:21:30,918 [INFO] LogOutputStream:77 - [STDOUT_REDIRECT] 1 : Invalid condition id : UX_CORESTACK_Condition cause : null
2025-02-24 14:21:30,919 [INFO] LogOutputStream:77 - [STDOUT_REDIRECT] 1 : Invalid condition id : UX_CORESTACK_Condition cause : null
2025-02-24 14:21:30,919 [INFO] LogOutputStream:77 - [STDOUT_REDIRECT] 1 : Invalid condition id : UX_CORESTACK_Condition cause : null
2025-02-24 14:21:30,920 [INFO] LogOutputStream:77 - [STDOUT_REDIRECT] 1 : Invalid condition id : UX_CORESTACK_Condition cause : null
2025-02-24 14:21:30,920 [INFO] LogOutputStream:77 - [STDOUT_REDIRECT] 1 : Invalid condition id : UX_CORESTACK_Condition cause : null
2025-02-24 14:21:30,926 [WARN] PackLoader:240 - Cannot read IP mode file for STMicroelectronics.X-CUBE-AZRTOS-WL.2.0.0
2025-02-24 14:21:30,934 [WARN] PackLoader:240 - Cannot read IP mode file for STMicroelectronics.FP-SNS-MOTENV1.5.0.0
2025-02-24 14:21:30,940 [WARN] PackLoader:240 - Cannot read IP mode file for wolfSSL.I-CUBE-wolfMQTT.1.19.0
2025-02-24 14:21:30,949 [WARN] PackLoader:240 - Cannot read IP mode file for WES.I-CUBE-Cesium.1.3.0
2025-02-24 14:21:30,955 [WARN] PackLoader:240 - Cannot read IP mode file for STMicroelectronics.X-CUBE-BLE2.3.3.0
2025-02-24 14:21:30,964 [WARN] PackLoader:240 - Cannot read IP mode file for STMicroelectronics.X-CUBE-NFC9.1.0.0
2025-02-24 14:21:30,973 [WARN] PackLoader:240 - Cannot read IP mode file for STMicroelectronics.X-CUBE-TCPP.4.1.0
2025-02-24 14:21:31,006 [WARN] PackLoader:240 - Cannot read IP mode file for STMicroelectronics.X-CUBE-AZRTOS-G0.1.1.0
2025-02-24 14:21:31,033 [WARN] PackLoader:240 - Cannot read IP mode file for STMicroelectronics.X-CUBE-SAFEA1.1.2.2
2025-02-24 14:21:31,041 [WARN] PackLoader:240 - Cannot read IP mode file for STMicroelectronics.X-CUBE-NFC4.3.0.0
2025-02-24 14:21:31,058 [WARN] PackLoader:240 - Cannot read IP mode file for EmbeddedOffice.I-CUBE-FS-RTOS.1.0.1
2025-02-24 14:21:31,059 [ERROR] ConditionMgr:805 - Attr not supported : Dmpu
2025-02-24 14:21:31,059 [ERROR] ConditionMgr:805 - Attr not supported : Dmpu
2025-02-24 14:21:31,059 [ERROR] ConditionMgr:805 - Attr not supported : Dmpu
2025-02-24 14:21:31,059 [ERROR] ConditionMgr:805 - Attr not supported : Dmpu
2025-02-24 14:21:31,059 [ERROR] ConditionMgr:805 - Attr not supported : Dmpu
2025-02-24 14:21:31,060 [ERROR] ConditionMgr:805 - Attr not supported : Dmpu
2025-02-24 14:21:31,060 [ERROR] ConditionMgr:805 - Attr not supported : Dmpu
2025-02-24 14:21:31,060 [ERROR] ConditionMgr:805 - Attr not supported : Dmpu
2025-02-24 14:21:31,060 [ERROR] ConditionMgr:805 - Attr not supported : Dmpu
2025-02-24 14:21:31,060 [ERROR] ConditionMgr:805 - Attr not supported : Dmpu
2025-02-24 14:21:31,060 [ERROR] ConditionMgr:805 - Attr not supported : Dmpu
2025-02-24 14:21:31,060 [ERROR] ConditionMgr:805 - Attr not supported : Dmpu
2025-02-24 14:21:31,060 [ERROR] ConditionMgr:805 - Attr not supported : Dmpu
2025-02-24 14:21:31,061 [ERROR] ConditionMgr:805 - Attr not supported : Dmpu
2025-02-24 14:21:31,061 [ERROR] ConditionMgr:805 - Attr not supported : Dmpu
2025-02-24 14:21:31,061 [ERROR] ConditionMgr:805 - Attr not supported : Dmpu
2025-02-24 14:21:31,061 [ERROR] ConditionMgr:805 - Attr not supported : Dmpu
2025-02-24 14:21:31,061 [ERROR] ConditionMgr:805 - Attr not supported : Dmpu
2025-02-24 14:21:31,061 [ERROR] ConditionMgr:805 - Attr not supported : Dmpu
2025-02-24 14:21:31,061 [ERROR] ConditionMgr:805 - Attr not supported : Dmpu
2025-02-24 14:21:31,062 [ERROR] ConditionMgr:805 - Attr not supported : Dmpu
2025-02-24 14:21:31,062 [ERROR] ConditionMgr:805 - Attr not supported : Dmpu
2025-02-24 14:21:31,062 [ERROR] ConditionMgr:805 - Attr not supported : Dmpu
2025-02-24 14:21:31,062 [ERROR] ConditionMgr:805 - Attr not supported : Dmpu
2025-02-24 14:21:31,062 [ERROR] ConditionMgr:805 - Attr not supported : Dmpu
2025-02-24 14:21:31,062 [ERROR] ConditionMgr:805 - Attr not supported : Dmpu
2025-02-24 14:21:31,062 [ERROR] ConditionMgr:805 - Attr not supported : Dmpu
2025-02-24 14:21:31,062 [ERROR] ConditionMgr:805 - Attr not supported : Dmpu
2025-02-24 14:21:31,063 [ERROR] ConditionMgr:805 - Attr not supported : Dmpu
2025-02-24 14:21:31,063 [ERROR] ConditionMgr:805 - Attr not supported : Dmpu
2025-02-24 14:21:31,063 [ERROR] ConditionMgr:805 - Attr not supported : Dmpu
2025-02-24 14:21:31,063 [ERROR] ConditionMgr:805 - Attr not supported : Dmpu
2025-02-24 14:21:31,063 [ERROR] ConditionMgr:805 - Attr not supported : Dmpu
2025-02-24 14:21:31,063 [ERROR] ConditionMgr:805 - Attr not supported : Dmpu
2025-02-24 14:21:31,063 [ERROR] ConditionMgr:805 - Attr not supported : Dmpu
2025-02-24 14:21:31,063 [ERROR] ConditionMgr:805 - Attr not supported : Dmpu
2025-02-24 14:21:31,064 [ERROR] ConditionMgr:805 - Attr not supported : Dmpu
2025-02-24 14:21:31,064 [ERROR] ConditionMgr:805 - Attr not supported : Dmpu
2025-02-24 14:21:31,064 [ERROR] ConditionMgr:805 - Attr not supported : Dmpu
2025-02-24 14:21:31,064 [ERROR] ConditionMgr:805 - Attr not supported : Dmpu
2025-02-24 14:21:31,064 [ERROR] ConditionMgr:805 - Attr not supported : Dmpu
2025-02-24 14:21:31,065 [ERROR] ConditionMgr:805 - Attr not supported : Dmpu
2025-02-24 14:21:31,065 [ERROR] ConditionMgr:805 - Attr not supported : Dmpu
2025-02-24 14:21:31,065 [ERROR] ConditionMgr:805 - Attr not supported : Dmpu
2025-02-24 14:21:31,065 [ERROR] ConditionMgr:805 - Attr not supported : Dmpu
2025-02-24 14:21:31,065 [ERROR] ConditionMgr:805 - Attr not supported : Dmpu
2025-02-24 14:21:31,065 [ERROR] ConditionMgr:805 - Attr not supported : Dmpu
2025-02-24 14:21:31,066 [ERROR] ConditionMgr:805 - Attr not supported : Dmpu
2025-02-24 14:21:31,066 [ERROR] ConditionMgr:805 - Attr not supported : Dmpu
2025-02-24 14:21:31,066 [ERROR] ConditionMgr:805 - Attr not supported : Dmpu
2025-02-24 14:21:31,066 [ERROR] ConditionMgr:805 - Attr not supported : Dmpu
2025-02-24 14:21:31,066 [ERROR] ConditionMgr:805 - Attr not supported : Dmpu
2025-02-24 14:21:31,066 [ERROR] ConditionMgr:805 - Attr not supported : Dmpu
2025-02-24 14:21:31,066 [ERROR] ConditionMgr:805 - Attr not supported : Dmpu
2025-02-24 14:21:31,067 [ERROR] ConditionMgr:805 - Attr not supported : Dmpu
2025-02-24 14:21:31,067 [ERROR] ConditionMgr:805 - Attr not supported : Dmpu
2025-02-24 14:21:31,067 [ERROR] ConditionMgr:805 - Attr not supported : Dmpu
2025-02-24 14:21:31,067 [ERROR] ConditionMgr:805 - Attr not supported : Dmpu
2025-02-24 14:21:31,067 [ERROR] ConditionMgr:805 - Attr not supported : Dmpu
2025-02-24 14:21:31,067 [ERROR] ConditionMgr:805 - Attr not supported : Dmpu
2025-02-24 14:21:31,068 [ERROR] ConditionMgr:805 - Attr not supported : Dmpu
2025-02-24 14:21:31,068 [ERROR] ConditionMgr:805 - Attr not supported : Dmpu
2025-02-24 14:21:31,068 [ERROR] ConditionMgr:805 - Attr not supported : Dmpu
2025-02-24 14:21:31,068 [ERROR] ConditionMgr:805 - Attr not supported : Dmpu
2025-02-24 14:21:31,073 [ERROR] Engine:466 - /home/martin/.stm32cubemx/thirdparties/pdsc/STMicroelectronics.X-CUBE-TCPP.4.2.0.pdsc: PDSC version is not supported
2025-02-24 14:21:31,078 [WARN] PackLoader:240 - Cannot read IP mode file for RealThread.X-CUBE-RT-Thread_Nano.4.1.1
2025-02-24 14:21:31,084 [WARN] PackLoader:240 - Cannot read IP mode file for STMicroelectronics.FP-ATR-SIGFOX1.3.2.0
2025-02-24 14:21:31,089 [WARN] PackLoader:240 - Cannot read IP mode file for wolfSSL.I-CUBE-wolfSSL.5.7.2
2025-02-24 14:21:31,094 [WARN] ConditionMgr:438 - getConditionDescription Invalid condition id : Cortex-A Device cause : null
2025-02-24 14:21:31,109 [WARN] ConditionMgr:1039 - genDependencies : Invalid condition id : Cortex-A Device cause : null
2025-02-24 14:21:31,109 [WARN] ConditionMgr:1039 - genDependencies : Invalid condition id : Cortex-A Device cause : null
2025-02-24 14:21:31,110 [WARN] ConditionMgr:1039 - genDependencies : Invalid condition id : Cortex-A Device cause : null
2025-02-24 14:21:31,120 [WARN] PackLoader:240 - Cannot read IP mode file for STMicroelectronics.X-CUBE-EEPRMA1.5.1.0
2025-02-24 14:21:31,135 [WARN] PackLoader:240 - Cannot read IP mode file for ITTIA_DB.I-CUBE-ITTIADB.8.9.0
2025-02-24 14:21:31,200 [WARN] PackLoader:240 - Cannot read IP mode file for SEGGER.I-CUBE-embOS.1.3.1
2025-02-24 14:21:31,268 [WARN] PackLoader:240 - Cannot read IP mode file for STMicroelectronics.X-CUBE-ALGOBUILD.1.4.0
2025-02-24 14:21:31,274 [WARN] PackLoader:240 - Cannot read IP mode file for STMicroelectronics.X-CUBE-AI.9.1.0
2025-02-24 14:21:31,326 [WARN] PackLoader:240 - Cannot read IP mode file for STMicroelectronics.X-CUBE-AZRTOS-F4.1.1.0
2025-02-24 14:21:31,335 [WARN] PackLoader:240 - Cannot read IP mode file for STMicroelectronics.X-CUBE-ISPU.2.1.0
2025-02-24 14:21:31,342 [WARN] PackLoader:240 - Cannot read IP mode file for STMicroelectronics.X-CUBE-FREERTOS.1.2.0
2025-02-24 14:21:31,375 [WARN] PackLoader:240 - Cannot read IP mode file for STMicroelectronics.X-CUBE-AZRTOS-L5.2.0.0
2025-02-24 14:21:31,386 [WARN] PackLoader:240 - Cannot read IP mode file for STMicroelectronics.X-CUBE-NFC6.3.1.0
2025-02-24 14:21:31,394 [WARN] PackLoader:240 - Cannot read IP mode file for STMicroelectronics.X-CUBE-DPower.1.2.0
2025-02-24 14:21:31,398 [WARN] PackLoader:240 - Cannot read IP mode file for STMicroelectronics.X-CUBE-AI.9.0.0
2025-02-24 14:21:31,402 [WARN] PackLoader:240 - Cannot read IP mode file for STMicroelectronics.X-CUBE-FREERTOS.1.3.0
2025-02-24 14:21:31,407 [WARN] PackLoader:240 - Cannot read IP mode file for STMicroelectronics.X-CUBE-NFC7.1.0.1
2025-02-24 14:21:31,429 [WARN] ConditionMgr:438 - getConditionDescription Invalid condition id : LAN8742 Phy interface Condition cause : null
2025-02-24 14:21:31,430 [WARN] PackLoader:240 - Cannot read IP mode file for STMicroelectronics.X-CUBE-AZRTOS-L4.2.0.0
2025-02-24 14:21:31,432 [WARN] ConditionMgr:1039 - genDependencies : Invalid condition id : LAN8742 Phy interface Condition cause : null
2025-02-24 14:21:31,432 [WARN] ConditionMgr:1039 - genDependencies : Invalid condition id : LAN8742 Phy interface Condition cause : null
2025-02-24 14:21:31,433 [WARN] ConditionMgr:1039 - genDependencies : Invalid condition id : LAN8742 Phy interface Condition cause : null
2025-02-24 14:21:31,440 [WARN] PackLoader:240 - Cannot read IP mode file for STMicroelectronics.X-CUBE-SFXS2LP1.4.0.0
2025-02-24 14:21:31,466 [WARN] PackLoader:240 - Cannot read IP mode file for STMicroelectronics.X-CUBE-AZRTOS-H7.3.3.0
2025-02-24 14:21:31,480 [WARN] PackLoader:240 - Cannot read IP mode file for STMicroelectronics.X-CUBE-IPS.3.0.0
2025-02-24 14:21:31,500 [WARN] ConditionMgr:438 - getConditionDescription Invalid condition id : UX DEVICE CLASS RTOS Condition cause : null
2025-02-24 14:21:31,500 [WARN] ConditionMgr:438 - getConditionDescription Invalid condition id : UX DEVICE CLASS RTOS Condition cause : null
2025-02-24 14:21:31,503 [WARN] PackLoader:240 - Cannot read IP mode file for STMicroelectronics.X-CUBE-AZRTOS-WB.2.0.0
2025-02-24 14:21:31,503 [WARN] ConditionMgr:1039 - genDependencies : Invalid condition id : UX DEVICE CLASS RTOS Condition cause : null
2025-02-24 14:21:31,504 [WARN] ConditionMgr:1039 - genDependencies : Invalid condition id : UX DEVICE CLASS RTOS Condition cause : null
2025-02-24 14:21:31,504 [WARN] ConditionMgr:1039 - genDependencies : Invalid condition id : UX DEVICE CLASS RTOS Condition cause : null
2025-02-24 14:21:31,504 [WARN] ConditionMgr:1039 - genDependencies : Invalid condition id : UX DEVICE CLASS RTOS Condition cause : null
2025-02-24 14:21:31,504 [WARN] ConditionMgr:1039 - genDependencies : Invalid condition id : UX DEVICE CLASS RTOS Condition cause : null
2025-02-24 14:21:31,510 [WARN] PackLoader:240 - Cannot read IP mode file for STMicroelectronics.X-CUBE-GNSS1.7.0.0
2025-02-24 14:21:31,516 [WARN] PackLoader:240 - Cannot read IP mode file for STMicroelectronics.X-CUBE-GNSS1.7.0.1
2025-02-24 14:21:31,523 [WARN] PackLoader:240 - Cannot read IP mode file for STMicroelectronics.FP-SNS-STBOX1.2.0.0
2025-02-24 14:21:31,543 [WARN] PackLoader:240 - Cannot read IP mode file for STMicroelectronics.X-CUBE-SUBG2.5.0.0
2025-02-24 14:21:31,558 [WARN] PackLoader:240 - Cannot read IP mode file for Cesanta.I-CUBE-Mongoose.7.13.0
2025-02-24 14:21:31,585 [WARN] PackLoader:240 - Cannot read IP mode file for STMicroelectronics.X-CUBE-AZRTOS-G4.2.0.0
2025-02-24 14:21:31,598 [ERROR] Engine:466 - /home/martin/.stm32cubemx/thirdparties/pdsc/STMicroelectronics.X-CUBE-IPS.3.1.0.pdsc: PDSC version is not supported
2025-02-24 14:21:31,603 [WARN] PackLoader:240 - Cannot read IP mode file for STMicroelectronics.X-CUBE-ALS.1.0.2
2025-02-24 14:21:31,607 [WARN] PackLoader:240 - Cannot read IP mode file for STMicroelectronics.X-CUBE-TOUCHGFX.4.24.2
2025-02-24 14:21:31,611 [WARN] PackLoader:240 - Cannot read IP mode file for STMicroelectronics.X-CUBE-TOUCHGFX.4.24.1
2025-02-24 14:21:31,615 [WARN] PackLoader:240 - Cannot read IP mode file for wolfSSL.I-CUBE-wolfTPM.3.4.0
2025-02-24 14:21:31,623 [WARN] PackLoader:240 - Cannot read IP mode file for portGmbH.I-Cube-SoM-uGOAL.1.1.0
2025-02-24 14:21:31,660 [WARN] PackLoader:240 - Cannot read IP mode file for STMicroelectronics.X-CUBE-AZRTOS-H7RS.1.0.0
2025-02-24 14:21:31,669 [WARN] PackLoader:240 - Cannot read IP mode file for STMicroelectronics.FP-ATR-ASTRA1.2.0.0
2025-02-24 14:21:31,688 [WARN] PackLoader:240 - Cannot read IP mode file for STMicroelectronics.X-CUBE-TOF1.3.4.2
2025-02-24 14:21:31,746 [WARN] PackLoader:240 - Cannot read IP mode file for Infineon.AIROC-Wi-Fi-Bluetooth-STM32.1.6.1
2025-02-24 14:21:31,757 [WARN] PackLoader:240 - Cannot read IP mode file for wolfSSL.I-CUBE-wolfSSH.1.4.17
2025-02-24 14:21:31,758 [INFO] ThirdParty:978 - Integrity check success = true
2025-02-24 14:21:31,758 [INFO] IntegrityCheckThread:100 - exiting critical section [integrity check]
2025-02-24 14:21:31,758 [INFO] IntegrityCheckThread:103 - End integrity checks thread
2025-02-24 14:21:44,570 [ERROR] LogOutputStream:75 - [STDERR_REDIRECT] 
2025-02-24 14:21:44,572 [ERROR] LogOutputStream:75 - [STDERR_REDIRECT] 
