2025-04-27 14:47:37,910 [INFO] Activator:176 - 


2025-04-27 14:47:37,917 [INFO] Activator:177 - !SESSION log4j initialized
2025-04-27 14:47:42,071 [INFO] LogOutputStream:77 - [STDOUT_REDIRECT] 
2025-04-27 14:47:45,110 [INFO] ApplicationProperties:184 - Using Application install path: /opt/st/stm32cubeide_1.16.1/plugins/com.st.stm32cube.common.mx_6.12.1.202409122256
2025-04-27 14:47:45,129 [INFO] DbMcusXml:78 - Set database path to: /opt/st/stm32cubeide_1.16.1/plugins/com.st.stm32cube.common.mx_6.12.1.202409122256//db//mcu/
2025-04-27 14:47:45,130 [INFO] ApiDb:274 - Set plugin database path to: /opt/st/stm32cubeide_1.16.1/plugins/com.st.stm32cube.common.mx_6.12.1.202409122256//db//plugins/boardmanager/
2025-04-27 14:47:45,131 [WARN] ApiDb:259 - Overriding images path with different value:  => /opt/st/stm32cubeide_1.16.1/plugins/com.st.stm32cube.common.mx_6.12.1.202409122256//db//plugins/mcufinder/images/
2025-04-27 14:47:45,141 [INFO] ApiDb:250 - Set database path to: /home/martin/.stmcufinder/plugins/mcufinder//mcu/
2025-04-27 14:47:45,143 [INFO] DbMcusAds:125 - Set database path to: /home/martin/.stmcufinder/plugins/mcufinder//mcu/
2025-04-27 14:47:45,147 [INFO] CrossReferenceDbSqlite:203 - Set database path to: /home/martin/.stmcufinder/plugins/mcufinder//mcu/cs/
2025-04-27 14:47:45,276 [INFO] DbMcusXml:78 - Set database path to: /opt/st/stm32cubeide_1.16.1/plugins/com.st.stm32cube.common.mx_6.12.1.202409122256//db//mcu/
2025-04-27 14:47:45,277 [INFO] ApiDb:274 - Set plugin database path to: /opt/st/stm32cubeide_1.16.1/plugins/com.st.stm32cube.common.mx_6.12.1.202409122256//db//plugins/boardmanager/
2025-04-27 14:47:45,277 [INFO] ApiDb:261 - Set plugin images path to: /opt/st/stm32cubeide_1.16.1/plugins/com.st.stm32cube.common.mx_6.12.1.202409122256//db//plugins/mcufinder/images/
2025-04-27 14:47:45,277 [WARN] DbFile:41 - Overriding database path with different value: /home/martin/.stmcufinder/plugins/mcufinder/ => /home/martin/.stmcufinder/plugins/mcufinder
2025-04-27 14:47:45,278 [INFO] ApiDb:250 - Set database path to: /home/martin/.stmcufinder/plugins/mcufinder//mcu/
2025-04-27 14:47:45,278 [WARN] DbFile:41 - Overriding database path with different value: /home/martin/.stmcufinder/plugins/mcufinder/ => /home/martin/.stmcufinder/plugins/mcufinder
2025-04-27 14:47:45,278 [INFO] DbMcusAds:125 - Set database path to: /home/martin/.stmcufinder/plugins/mcufinder//mcu/
2025-04-27 14:47:45,278 [WARN] DbFile:41 - Overriding database path with different value: /home/martin/.stmcufinder/plugins/mcufinder/ => /home/martin/.stmcufinder/plugins/mcufinder
2025-04-27 14:47:45,278 [WARN] DbFile:41 - Overriding database path with different value: /home/martin/.stmcufinder/plugins/mcufinder/ => /home/martin/.stmcufinder/plugins/mcufinder
2025-04-27 14:47:45,279 [INFO] CrossReferenceDbSqlite:203 - Set database path to: /home/martin/.stmcufinder/plugins/mcufinder//mcu/cs/
2025-04-27 14:47:45,441 [INFO] MainPanel:268 - HeapMemory: 268435456
2025-04-27 14:47:45,783 [INFO] DbMcusXml:78 - Set database path to: /opt/st/stm32cubeide_1.16.1/plugins/com.st.stm32cube.common.mx_6.12.1.202409122256//db//mcu/
2025-04-27 14:47:45,784 [INFO] ApiDb:274 - Set plugin database path to: /opt/st/stm32cubeide_1.16.1/plugins/com.st.stm32cube.common.mx_6.12.1.202409122256//db//plugins/boardmanager/
2025-04-27 14:47:45,784 [INFO] ApiDb:261 - Set plugin images path to: /opt/st/stm32cubeide_1.16.1/plugins/com.st.stm32cube.common.mx_6.12.1.202409122256//db//plugins/mcufinder/images/
2025-04-27 14:47:45,785 [WARN] DbFile:41 - Overriding database path with different value: /home/martin/.stmcufinder/plugins/mcufinder/ => /home/martin/.stmcufinder/plugins/mcufinder
2025-04-27 14:47:45,785 [INFO] ApiDb:250 - Set database path to: /home/martin/.stmcufinder/plugins/mcufinder//mcu/
2025-04-27 14:47:45,785 [WARN] DbFile:41 - Overriding database path with different value: /home/martin/.stmcufinder/plugins/mcufinder/ => /home/martin/.stmcufinder/plugins/mcufinder
2025-04-27 14:47:45,786 [INFO] DbMcusAds:125 - Set database path to: /home/martin/.stmcufinder/plugins/mcufinder//mcu/
2025-04-27 14:47:45,786 [WARN] DbFile:41 - Overriding database path with different value: /home/martin/.stmcufinder/plugins/mcufinder/ => /home/martin/.stmcufinder/plugins/mcufinder
2025-04-27 14:47:45,786 [WARN] DbFile:41 - Overriding database path with different value: /home/martin/.stmcufinder/plugins/mcufinder/ => /home/martin/.stmcufinder/plugins/mcufinder
2025-04-27 14:47:45,787 [INFO] CrossReferenceDbSqlite:203 - Set database path to: /home/martin/.stmcufinder/plugins/mcufinder//mcu/cs/
2025-04-27 14:47:45,817 [INFO] ApplicationProperties:184 - Using Application install path: /opt/st/stm32cubeide_1.16.1/plugins/com.st.stm32cube.common.mx_6.12.1.202409122256
2025-04-27 14:47:45,820 [INFO] PluginManage:196 - Search for loadable plugins [exclusion list=, ]
2025-04-27 14:47:45,823 [INFO] PluginManage:310 - Check plugin analytics
2025-04-27 14:47:46,132 [INFO] AnalyticsPlugin:253 - Accepted Software Licenses: 
2025-04-27 14:47:46,132 [INFO] AnalyticsPlugin:255 - Accepted CMSIS Pack Licenses: 
2025-04-27 14:47:46,132 [INFO] AnalyticsPlugin:257 - Accepted Firmware Licenses: FW.F4.1.28.0,FW.L4.1.18.0
2025-04-27 14:47:46,136 [INFO] PluginManage:359 - Loaded plugin analytics (category:tool,tabindex:-1)
2025-04-27 14:47:46,137 [INFO] PluginManage:310 - Check plugin cadmodel
2025-04-27 14:47:46,142 [INFO] CADModel:105 - Init CAD model plugin
2025-04-27 14:47:46,142 [INFO] PluginManage:359 - Loaded plugin cadmodel (category:power,tabindex:5)
2025-04-27 14:47:46,143 [INFO] PluginManage:310 - Check plugin clock
2025-04-27 14:47:46,155 [INFO] PluginManage:359 - Loaded plugin clock (category:base,tabindex:2)
2025-04-27 14:47:46,156 [INFO] PluginManage:310 - Check plugin ddr
2025-04-27 14:47:46,159 [INFO] PluginManage:359 - Loaded plugin ddr (category:tool,tabindex:6)
2025-04-27 14:47:46,160 [INFO] PluginManage:310 - Check plugin filemanager
2025-04-27 14:47:46,397 [INFO] PluginManage:359 - Loaded plugin filemanager (category:base,tabindex:10)
2025-04-27 14:47:46,397 [INFO] PluginManage:310 - Check plugin ipmanager
2025-04-27 14:47:46,407 [INFO] PluginManage:359 - Loaded plugin ipmanager (category:base,tabindex:5)
2025-04-27 14:47:46,408 [INFO] PluginManage:310 - Check plugin lpbam
2025-04-27 14:47:46,423 [INFO] PluginManage:359 - Loaded plugin lpbam (category:base,tabindex:0)
2025-04-27 14:47:46,423 [INFO] PluginManage:310 - Check plugin memorymap
2025-04-27 14:47:46,444 [INFO] PluginManage:359 - Loaded plugin memorymap (category:base,tabindex:4)
2025-04-27 14:47:46,445 [INFO] PluginManage:310 - Check plugin pinoutandconfiguration
2025-04-27 14:47:46,460 [INFO] PluginManage:359 - Loaded plugin pinoutandconfiguration (category:base,tabindex:1)
2025-04-27 14:47:46,461 [INFO] PluginManage:310 - Check plugin pinoutconfig
2025-04-27 14:47:46,600 [WARN] SupportedApi:132 - Cannot load RTOS API schema: s4s-elt-must-match.1: The content of 'definitions' must match (annotation?, (simpleType | complexType)?, (unique | key | keyref)*)). A problem was found starting at: attribute.
2025-04-27 14:47:46,812 [INFO] PluginManage:359 - Loaded plugin pinoutconfig (category:base,tabindex:0)
2025-04-27 14:47:46,812 [INFO] PluginManage:310 - Check plugin power
2025-04-27 14:47:46,826 [INFO] PluginManage:359 - Loaded plugin power (category:power,tabindex:4)
2025-04-27 14:47:46,826 [INFO] PluginManage:310 - Check plugin projectmanager
2025-04-27 14:47:46,858 [INFO] PluginManage:359 - Loaded plugin projectmanager (category:projectmanager,tabindex:4)
2025-04-27 14:47:46,858 [INFO] PluginManage:310 - Check plugin rif
2025-04-27 14:47:46,867 [INFO] PluginManage:359 - Loaded plugin rif (category:base,tabindex:3)
2025-04-27 14:47:46,867 [INFO] PluginManage:310 - Check plugin thirdparty
2025-04-27 14:47:47,017 [INFO] PluginManage:359 - Loaded plugin thirdparty (category:base,tabindex:-1)
2025-04-27 14:47:47,017 [WARN] IntegrityCheckThread:84 - waiting for thirdparty lock release [integrity check]
2025-04-27 14:47:47,017 [INFO] PluginManage:310 - Check plugin tools
2025-04-27 14:47:47,017 [INFO] IntegrityCheckThread:86 - entering critical section [integrity check]
2025-04-27 14:47:47,018 [INFO] ThirdPartyUpdaterWithRetryManager:70 - Updater plugin not ready yet. [1/15]
2025-04-27 14:47:47,020 [INFO] PluginManage:359 - Loaded plugin tools (category:base,tabindex:7)
2025-04-27 14:47:47,020 [INFO] PluginManage:310 - Check plugin tutovideos
2025-04-27 14:47:47,257 [INFO] PluginManage:359 - Loaded plugin tutovideos (category:base,tabindex:-1)
2025-04-27 14:47:47,258 [INFO] PluginManage:310 - Check plugin updater
2025-04-27 14:47:47,285 [INFO] PluginManage:359 - Loaded plugin updater (category:base,tabindex:12)
2025-04-27 14:47:47,286 [INFO] PluginManage:310 - Check plugin userauth
2025-04-27 14:47:47,293 [INFO] UserAuth:113 - Init User Auth plugin
2025-04-27 14:47:47,293 [INFO] PluginManage:359 - Loaded plugin userauth (category:base,tabindex:14)
2025-04-27 14:47:47,294 [INFO] PluginManage:283 - PluginManage : Loaded plugins [18]
2025-04-27 14:47:47,543 [INFO] PinOutPanel:1561 - setPackage(No Configuration,No Configuration)
2025-04-27 14:47:47,696 [INFO] CADModel:165 - CPN selected for project level
2025-04-27 14:47:47,696 [INFO] CADModel:114 - Register for checkConnection events
2025-04-27 14:47:47,720 [INFO] IPUIPlugin:80 - create IPUIPlugin
2025-04-27 14:47:47,720 [INFO] PluginManager:220 - loadIPPluginJar : add pdm2pcm
2025-04-27 14:47:47,723 [INFO] IPUIPlugin:80 - create IPUIPlugin
2025-04-27 14:47:47,723 [INFO] PluginManager:220 - loadIPPluginJar : add ltdc
2025-04-27 14:47:47,727 [INFO] IPUIPlugin:80 - create IPUIPlugin
2025-04-27 14:47:47,727 [INFO] PluginManager:220 - loadIPPluginJar : add can
2025-04-27 14:47:47,731 [INFO] IPUIPlugin:80 - create IPUIPlugin
2025-04-27 14:47:47,731 [INFO] PluginManager:220 - loadIPPluginJar : add openamp
2025-04-27 14:47:47,736 [INFO] IPUIPlugin:80 - create IPUIPlugin
2025-04-27 14:47:47,736 [INFO] PluginManager:220 - loadIPPluginJar : add ddr_ctrl_phy
2025-04-27 14:47:47,740 [INFO] IPUIPlugin:80 - create IPUIPlugin
2025-04-27 14:47:47,740 [INFO] PluginManager:220 - loadIPPluginJar : add usart
2025-04-27 14:47:47,751 [INFO] IPUIPlugin:80 - create IPUIPlugin
2025-04-27 14:47:47,751 [INFO] PluginManager:220 - loadIPPluginJar : add adc
2025-04-27 14:47:47,755 [INFO] IPUIPlugin:80 - create IPUIPlugin
2025-04-27 14:47:47,756 [INFO] PluginManager:220 - loadIPPluginJar : add touchsensing
2025-04-27 14:47:47,758 [INFO] IPUIPlugin:80 - create IPUIPlugin
2025-04-27 14:47:47,758 [INFO] PluginManager:220 - loadIPPluginJar : add genericplugin
2025-04-27 14:47:47,760 [INFO] IPUIPlugin:80 - create IPUIPlugin
2025-04-27 14:47:47,760 [INFO] PluginManager:220 - loadIPPluginJar : add dfsdm
2025-04-27 14:47:47,764 [INFO] IPUIPlugin:80 - create IPUIPlugin
2025-04-27 14:47:47,764 [INFO] PluginManager:220 - loadIPPluginJar : add usbx
2025-04-27 14:47:47,769 [INFO] IPUIPlugin:80 - create IPUIPlugin
2025-04-27 14:47:47,769 [INFO] PluginManager:220 - loadIPPluginJar : add fmc
2025-04-27 14:47:47,771 [INFO] IPUIPlugin:80 - create IPUIPlugin
2025-04-27 14:47:47,771 [INFO] PluginManager:220 - loadIPPluginJar : add tracer_emb
2025-04-27 14:47:47,775 [INFO] IPUIPlugin:80 - create IPUIPlugin
2025-04-27 14:47:47,775 [INFO] PluginManager:220 - loadIPPluginJar : add ipddr
2025-04-27 14:47:47,782 [INFO] IPUIPlugin:80 - create IPUIPlugin
2025-04-27 14:47:47,782 [INFO] PluginManager:220 - loadIPPluginJar : add freertos
2025-04-27 14:47:47,785 [INFO] IPUIPlugin:80 - create IPUIPlugin
2025-04-27 14:47:47,785 [INFO] PluginManager:220 - loadIPPluginJar : add spi
2025-04-27 14:47:47,787 [INFO] IPUIPlugin:80 - create IPUIPlugin
2025-04-27 14:47:47,787 [INFO] PluginManager:220 - loadIPPluginJar : add tsc
2025-04-27 14:47:47,790 [INFO] IPUIPlugin:80 - create IPUIPlugin
2025-04-27 14:47:47,790 [INFO] PluginManager:220 - loadIPPluginJar : add i2s
2025-04-27 14:47:47,793 [INFO] IPUIPlugin:80 - create IPUIPlugin
2025-04-27 14:47:47,793 [INFO] PluginManager:220 - loadIPPluginJar : add lorawan
2025-04-27 14:47:47,797 [INFO] IPUIPlugin:80 - create IPUIPlugin
2025-04-27 14:47:47,797 [INFO] PluginManager:220 - loadIPPluginJar : add resmgrutility
2025-04-27 14:47:47,799 [INFO] IPUIPlugin:80 - create IPUIPlugin
2025-04-27 14:47:47,799 [INFO] PluginManager:220 - loadIPPluginJar : add ts
2025-04-27 14:47:47,805 [INFO] IPUIPlugin:80 - create IPUIPlugin
2025-04-27 14:47:47,806 [INFO] PluginManager:220 - loadIPPluginJar : add gic
2025-04-27 14:47:47,809 [INFO] IPUIPlugin:80 - create IPUIPlugin
2025-04-27 14:47:47,809 [INFO] PluginManager:220 - loadIPPluginJar : add sai
2025-04-27 14:47:47,811 [INFO] IPUIPlugin:80 - create IPUIPlugin
2025-04-27 14:47:47,812 [INFO] PluginManager:220 - loadIPPluginJar : add radio
2025-04-27 14:47:47,815 [INFO] IPUIPlugin:80 - create IPUIPlugin
2025-04-27 14:47:47,815 [INFO] PluginManager:220 - loadIPPluginJar : add opamp
2025-04-27 14:47:47,817 [INFO] IPUIPlugin:80 - create IPUIPlugin
2025-04-27 14:47:47,817 [INFO] PluginManager:220 - loadIPPluginJar : add comp
2025-04-27 14:47:47,819 [INFO] IPUIPlugin:80 - create IPUIPlugin
2025-04-27 14:47:47,820 [INFO] PluginManager:220 - loadIPPluginJar : add i2c
2025-04-27 14:47:47,821 [INFO] IPUIPlugin:80 - create IPUIPlugin
2025-04-27 14:47:47,822 [INFO] PluginManager:220 - loadIPPluginJar : add fatfs
2025-04-27 14:47:47,825 [INFO] IPUIPlugin:80 - create IPUIPlugin
2025-04-27 14:47:47,825 [INFO] PluginManager:220 - loadIPPluginJar : add gfxmmu
2025-04-27 14:47:47,828 [INFO] IPUIPlugin:80 - create IPUIPlugin
2025-04-27 14:47:47,829 [INFO] PluginManager:220 - loadIPPluginJar : add cryp
2025-04-27 14:47:47,834 [INFO] IPUIPlugin:80 - create IPUIPlugin
2025-04-27 14:47:47,835 [INFO] PluginManager:220 - loadIPPluginJar : add nvic
2025-04-27 14:47:47,837 [INFO] IPUIPlugin:80 - create IPUIPlugin
2025-04-27 14:47:47,837 [INFO] PluginManager:220 - loadIPPluginJar : add quadspi
2025-04-27 14:47:47,840 [INFO] IPUIPlugin:80 - create IPUIPlugin
2025-04-27 14:47:47,840 [INFO] PluginManager:220 - loadIPPluginJar : add dma3
2025-04-27 14:47:47,842 [INFO] IPUIPlugin:80 - create IPUIPlugin
2025-04-27 14:47:47,843 [INFO] PluginManager:220 - loadIPPluginJar : add ucpd
2025-04-27 14:47:47,851 [INFO] IPUIPlugin:80 - create IPUIPlugin
2025-04-27 14:47:47,852 [INFO] PluginManager:220 - loadIPPluginJar : add dma
2025-04-27 14:47:47,858 [INFO] IPUIPlugin:80 - create IPUIPlugin
2025-04-27 14:47:47,859 [INFO] PluginManager:220 - loadIPPluginJar : add mdma
2025-04-27 14:47:47,864 [INFO] IPUIPlugin:80 - create IPUIPlugin
2025-04-27 14:47:47,864 [INFO] PluginManager:220 - loadIPPluginJar : add gpio
2025-04-27 14:47:47,874 [INFO] IPUIPlugin:80 - create IPUIPlugin
2025-04-27 14:47:47,874 [INFO] PluginManager:220 - loadIPPluginJar : add linkedlist
2025-04-27 14:47:47,877 [INFO] IPUIPlugin:80 - create IPUIPlugin
2025-04-27 14:47:47,877 [INFO] PluginManager:220 - loadIPPluginJar : add extmemmanager
2025-04-27 14:47:47,879 [INFO] IPUIPlugin:80 - create IPUIPlugin
2025-04-27 14:47:47,879 [INFO] PluginManager:220 - loadIPPluginJar : add tim
2025-04-27 14:47:47,881 [INFO] IPUIPlugin:80 - create IPUIPlugin
2025-04-27 14:47:47,882 [INFO] PluginManager:220 - loadIPPluginJar : add i3c
2025-04-27 14:47:47,888 [INFO] IPUIPlugin:80 - create IPUIPlugin
2025-04-27 14:47:47,888 [INFO] PluginManager:220 - loadIPPluginJar : add stm32_wpan
2025-04-27 14:47:47,890 [INFO] IPUIPlugin:80 - create IPUIPlugin
2025-04-27 14:47:47,890 [INFO] PluginManager:220 - loadIPPluginJar : add hash
2025-04-27 14:47:47,898 [INFO] IPUIPlugin:80 - create IPUIPlugin
2025-04-27 14:47:47,902 [INFO] PluginManager:220 - loadIPPluginJar : add plateformsettings
2025-04-27 14:47:47,905 [INFO] IPUIPlugin:80 - create IPUIPlugin
2025-04-27 14:47:47,905 [INFO] PluginManager:220 - loadIPPluginJar : add aes
2025-04-27 14:47:47,908 [INFO] IPUIPlugin:80 - create IPUIPlugin
2025-04-27 14:47:47,908 [INFO] PluginManager:220 - loadIPPluginJar : add gtzc
2025-04-27 14:47:48,022 [INFO] CADModel:165 - CPN selected for project level
2025-04-27 14:47:48,022 [INFO] CADModel:114 - Register for checkConnection events
2025-04-27 14:47:48,022 [FATAL] Updater:334 - Updater called before beeing initialized
2025-04-27 14:47:48,022 [ERROR] CADModel:125 - Updater not yet initialized, retry later 
2025-04-27 14:47:48,194 [INFO] CADModel:165 - CPN selected for project level
2025-04-27 14:47:48,194 [INFO] CADModel:114 - Register for checkConnection events
2025-04-27 14:47:48,194 [FATAL] Updater:334 - Updater called before beeing initialized
2025-04-27 14:47:48,194 [ERROR] CADModel:125 - Updater not yet initialized, retry later 
2025-04-27 14:47:48,199 [FATAL] Updater:334 - Updater called before beeing initialized
2025-04-27 14:47:48,323 [FATAL] Updater:334 - Updater called before beeing initialized
2025-04-27 14:47:48,329 [INFO] DbMcusAds:53 - JSON generation date=Tue Dec 17 17:01:15 CET 2024 (1734451275143)
2025-04-27 14:47:48,329 [FATAL] Updater:334 - Updater called before beeing initialized
2025-04-27 14:47:48,384 [WARN] DetailPanel:346 - Failed to get advertising image, set to default
2025-04-27 14:47:48,524 [FATAL] Updater:334 - Updater called before beeing initialized
2025-04-27 14:47:48,526 [FATAL] Updater:334 - Updater called before beeing initialized
2025-04-27 14:47:48,526 [FATAL] Updater:334 - Updater called before beeing initialized
2025-04-27 14:47:48,527 [WARN] DetailPanel:346 - Failed to get advertising image, set to default
2025-04-27 14:47:48,528 [FATAL] Updater:334 - Updater called before beeing initialized
2025-04-27 14:47:48,573 [ERROR] Updater:1164 - MainUpdater not yet initialized. External WinMGr cannot be set.
2025-04-27 14:47:48,575 [INFO] Updater:1100 - Updater Version found : 6.12.1
2025-04-27 14:47:48,600 [INFO] ApplicationProperties:184 - Using Application install path: /opt/st/stm32cubeide_1.16.1/plugins/com.st.stm32cube.common.mx_6.12.1.202409122256
2025-04-27 14:47:48,966 [INFO] MainUpdater:2873 - connection check result : 10
2025-04-27 14:47:48,966 [INFO] MainUpdater:3567 - Updater definition file requires update
2025-04-27 14:47:48,967 [INFO] MainUpdater:290 - Updater Check For Update Now.
2025-04-27 14:47:48,967 [INFO] MicroXplorer:498 - Change Database Version : DB.6.0.121
2025-04-27 14:47:48,974 [INFO] McuFinderGlobals:63 - Set McuFinder mode to 2 (CubeIDE integrated)
2025-04-27 14:47:48,975 [INFO] UserAuth:417 - Internet connection configuration mode: 1
2025-04-27 14:47:48,992 [INFO] JxBrowserEngine:152 - Initiate JxBrowser Engine with user profile folder
2025-04-27 14:47:49,022 [INFO] ServerAccessManage:473 - Download File updaters.zip
2025-04-27 14:47:49,147 [INFO] FileExtend:240 - Unzip File : updaters.zip
2025-04-27 14:47:49,147 [INFO] FileExtend:255 - Standard Zip Deflate
2025-04-27 14:47:49,359 [INFO] ServerAccessManage:473 - Download File PacksControlFlags.xml
2025-04-27 14:47:49,493 [INFO] ServerAccessManage:473 - Download File cubemx.pidx
2025-04-27 14:47:50,021 [WARN] MainUpdater:1194 - Updater busy. Cannot search thirdparties
2025-04-27 14:47:50,022 [INFO] ThirdPartyUpdaterWithRetryManager:96 - Updater plugin is busy. [1/15]
2025-04-27 14:47:50,567 [INFO] WebApp:167 - Instantiating new browser for Auth
2025-04-27 14:47:50,593 [INFO] ServerAccessManage:473 - Download File STMicroelectronics.X-CUBE-MEMS1.pdsc
2025-04-27 14:47:51,887 [INFO] WebApp:448 - Apply proxy settings
2025-04-27 14:47:51,887 [INFO] WebApp:533 - Chromium requires no authentication
2025-04-27 14:47:51,902 [INFO] WebApp:476 - Direct internet connection detected
2025-04-27 14:47:51,943 [INFO] WebApp:869 - Register for checkConnection events
2025-04-27 14:47:51,944 [INFO] WebApp:448 - Apply proxy settings
2025-04-27 14:47:51,944 [INFO] WebApp:533 - Chromium requires no authentication
2025-04-27 14:47:51,945 [INFO] WebApp:476 - Direct internet connection detected
2025-04-27 14:47:52,160 [INFO] WebApp:186 - Connection restablished
2025-04-27 14:47:52,211 [INFO] ServerAccessManage:473 - Download File STMicroelectronics.X-CUBE-TOF1.pdsc
2025-04-27 14:47:52,327 [INFO] WebApp:220 - Starting web application
2025-04-27 14:47:52,327 [INFO] WebApp:578 - Web application path used /opt/st/stm32cubeide_1.16.1/plugins/com.st.stm32cube.common.mx_6.12.1.202409122256/db/plugins/mcufinder/reactClient1/index.html
2025-04-27 14:47:52,496 [INFO] UserAuth:417 - Internet connection configuration mode: 1
2025-04-27 14:47:52,991 [ERROR] ServerAccessManage:1089 - Problem, file not found on Server
2025-04-27 14:47:53,023 [WARN] MainUpdater:1194 - Updater busy. Cannot search thirdparties
2025-04-27 14:47:53,023 [INFO] ThirdPartyUpdaterWithRetryManager:96 - Updater plugin is busy. [2/15]
2025-04-27 14:47:53,565 [INFO] ServerAccessManage:473 - Download File STMicroelectronics.X-CUBE-WB05N.pdsc
2025-04-27 14:47:54,092 [INFO] ServerAccessManage:473 - Download File Avnet-IotConnect.X-CUBE-IoTC-DA16k-PMOD.pdsc
2025-04-27 14:47:54,463 [INFO] CheckServerUpdateThread:120 - End of CheckServer Thread
2025-04-27 14:47:54,473 [WARN] PackLoader:240 - Cannot read IP mode file for STMicroelectronics.X-CUBE-MEMS1.11.2.0
2025-04-27 14:47:54,930 [WARN] PopulateThirdPartyThread:106 - Error when creating pack: /home/martin/.stm32cubemx/thirdparties/pdsc/STMicroelectronics.X-CUBE-TOF1.pdsc
2025-04-27 14:47:54,938 [WARN] PackLoader:240 - Cannot read IP mode file for STMicroelectronics.X-CUBE-WB05N.2.0.0
2025-04-27 14:47:54,943 [WARN] PopulateThirdPartyThread:106 - Error when creating pack: /home/martin/.stm32cubemx/thirdparties/pdsc/Avnet-IotConnect.X-CUBE-IoTC-DA16k-PMOD.pdsc
2025-04-27 14:47:54,943 [INFO] PopulateThirdPartyThread:66 - Ending populate Thread
2025-04-27 14:47:54,945 [INFO] ThirdParty:1030 - CMSIS Pack Vendor :STMicroelectronics X-CUBE-MEMS1 11.2.0
2025-04-27 14:47:54,945 [INFO] ThirdParty:1030 - CMSIS Pack Vendor :STMicroelectronics X-CUBE-WB05N 2.0.0
2025-04-27 14:47:54,945 [INFO] LoadServerUpdatesThread:375 - End of LoadServerUpdate Thread
2025-04-27 14:47:56,183 [WARN] PackLoader:240 - Cannot read IP mode file for STMicroelectronics.FP-SNS-MOTENVWB1.1.4.0
2025-04-27 14:47:56,191 [WARN] PackLoader:240 - Cannot read IP mode file for STMicroelectronics.FP-ATR-ASTRA1.2.0.2
2025-04-27 14:47:56,198 [WARN] PackLoader:240 - Cannot read IP mode file for STMicroelectronics.FP-ATR-ASTRA1.2.0.1
2025-04-27 14:47:56,207 [WARN] PackLoader:240 - Cannot read IP mode file for STMicroelectronics.X-CUBE-SMBUS.2.1.0
2025-04-27 14:47:56,213 [WARN] PackLoader:240 - Cannot read IP mode file for STMicroelectronics.X-CUBE-WB05N.1.1.0
2025-04-27 14:47:56,251 [WARN] PackLoader:240 - Cannot read IP mode file for STMicroelectronics.X-CUBE-AZRTOS-F7.1.1.0
2025-04-27 14:47:56,351 [WARN] PackLoader:240 - Cannot read IP mode file for STMicroelectronics.X-CUBE-MEMS1.11.0.0
2025-04-27 14:47:56,607 [WARN] PackLoader:240 - Cannot read IP mode file for STMicroelectronics.FP-SNS-FLIGHT1.5.0.2
2025-04-27 14:47:56,621 [WARN] PackLoader:240 - Cannot read IP mode file for STMicroelectronics.X-CUBE-DISPLAY.3.0.0
2025-04-27 14:47:56,635 [WARN] PackLoader:240 - Cannot read IP mode file for STMicroelectronics.X-CUBE-BLE1.7.0.0
2025-04-27 14:47:56,647 [WARN] PackLoader:240 - Cannot read IP mode file for STMicroelectronics.X-CUBE-NFC10.1.0.0
2025-04-27 14:47:56,670 [WARN] PackLoader:240 - Cannot read IP mode file for STMicroelectronics.X-CUBE-BLEMGR.4.0.0
2025-04-27 14:47:56,681 [WARN] PackLoader:240 - Cannot read IP mode file for emotas.I-CUBE-CANOPEN.1.3.0
2025-04-27 14:47:56,698 [WARN] PackLoader:240 - Cannot read IP mode file for STMicroelectronics.X-CUBE-BLEMGR.3.1.0
2025-04-27 14:47:56,710 [WARN] PackLoader:240 - Cannot read IP mode file for STMicroelectronics.X-CUBE-AI.10.0.0
2025-04-27 14:47:56,717 [WARN] PackLoader:240 - Cannot read IP mode file for STMicroelectronics.FP-SNS-SMARTAG2.1.2.0
2025-04-27 14:47:56,723 [ERROR] Engine:466 - /home/martin/.stm32cubemx/thirdparties/pdsc/STMicroelectronics.FP-SNS-FLIGHT1.5.1.0.pdsc: PDSC version is not supported
2025-04-27 14:47:56,817 [WARN] PackLoader:240 - Cannot read IP mode file for STMicroelectronics.X-CUBE-MEMS1.11.1.0
2025-04-27 14:47:57,028 [INFO] LogOutputStream:77 - [STDOUT_REDIRECT] 1 : Invalid condition id : UX_CORESTACK_Condition cause : null
2025-04-27 14:47:57,029 [INFO] LogOutputStream:77 - [STDOUT_REDIRECT] 1 : Invalid condition id : UX_CORESTACK_Condition cause : null
2025-04-27 14:47:57,030 [INFO] LogOutputStream:77 - [STDOUT_REDIRECT] 1 : Invalid condition id : UX_CORESTACK_Condition cause : null
2025-04-27 14:47:57,030 [INFO] LogOutputStream:77 - [STDOUT_REDIRECT] 1 : Invalid condition id : UX_CORESTACK_Condition cause : null
2025-04-27 14:47:57,030 [INFO] LogOutputStream:77 - [STDOUT_REDIRECT] 1 : Invalid condition id : UX_CORESTACK_Condition cause : null
2025-04-27 14:47:57,035 [WARN] PackLoader:240 - Cannot read IP mode file for STMicroelectronics.X-CUBE-AZRTOS-WL.2.0.0
2025-04-27 14:47:57,040 [WARN] PackLoader:240 - Cannot read IP mode file for STMicroelectronics.FP-SNS-MOTENV1.5.0.0
2025-04-27 14:47:57,046 [WARN] PackLoader:240 - Cannot read IP mode file for wolfSSL.I-CUBE-wolfMQTT.1.19.0
2025-04-27 14:47:57,053 [WARN] PackLoader:240 - Cannot read IP mode file for WES.I-CUBE-Cesium.1.3.0
2025-04-27 14:47:57,057 [WARN] PackLoader:240 - Cannot read IP mode file for STMicroelectronics.X-CUBE-BLE2.3.3.0
2025-04-27 14:47:57,066 [WARN] PackLoader:240 - Cannot read IP mode file for STMicroelectronics.X-CUBE-NFC9.1.0.0
2025-04-27 14:47:57,076 [WARN] PackLoader:240 - Cannot read IP mode file for STMicroelectronics.X-CUBE-BLE1.7.1.0
2025-04-27 14:47:57,084 [WARN] PackLoader:240 - Cannot read IP mode file for STMicroelectronics.X-CUBE-TCPP.4.1.0
2025-04-27 14:47:57,183 [WARN] PackLoader:240 - Cannot read IP mode file for STMicroelectronics.X-CUBE-MEMS1.11.2.0
2025-04-27 14:47:57,436 [WARN] PackLoader:240 - Cannot read IP mode file for STMicroelectronics.X-CUBE-AZRTOS-G0.1.1.0
2025-04-27 14:47:57,444 [WARN] PackLoader:240 - Cannot read IP mode file for STMicroelectronics.X-CUBE-SAFEA1.1.2.2
2025-04-27 14:47:57,450 [WARN] PackLoader:240 - Cannot read IP mode file for STMicroelectronics.X-CUBE-NFC4.3.0.0
2025-04-27 14:47:57,462 [WARN] PackLoader:240 - Cannot read IP mode file for EmbeddedOffice.I-CUBE-FS-RTOS.1.0.1
2025-04-27 14:47:57,462 [ERROR] ConditionMgr:805 - Attr not supported : Dmpu
2025-04-27 14:47:57,463 [ERROR] ConditionMgr:805 - Attr not supported : Dmpu
2025-04-27 14:47:57,463 [ERROR] ConditionMgr:805 - Attr not supported : Dmpu
2025-04-27 14:47:57,463 [ERROR] ConditionMgr:805 - Attr not supported : Dmpu
2025-04-27 14:47:57,463 [ERROR] ConditionMgr:805 - Attr not supported : Dmpu
2025-04-27 14:47:57,463 [ERROR] ConditionMgr:805 - Attr not supported : Dmpu
2025-04-27 14:47:57,463 [ERROR] ConditionMgr:805 - Attr not supported : Dmpu
2025-04-27 14:47:57,463 [ERROR] ConditionMgr:805 - Attr not supported : Dmpu
2025-04-27 14:47:57,463 [ERROR] ConditionMgr:805 - Attr not supported : Dmpu
2025-04-27 14:47:57,463 [ERROR] ConditionMgr:805 - Attr not supported : Dmpu
2025-04-27 14:47:57,464 [ERROR] ConditionMgr:805 - Attr not supported : Dmpu
2025-04-27 14:47:57,464 [ERROR] ConditionMgr:805 - Attr not supported : Dmpu
2025-04-27 14:47:57,464 [ERROR] ConditionMgr:805 - Attr not supported : Dmpu
2025-04-27 14:47:57,464 [ERROR] ConditionMgr:805 - Attr not supported : Dmpu
2025-04-27 14:47:57,464 [ERROR] ConditionMgr:805 - Attr not supported : Dmpu
2025-04-27 14:47:57,464 [ERROR] ConditionMgr:805 - Attr not supported : Dmpu
2025-04-27 14:47:57,464 [ERROR] ConditionMgr:805 - Attr not supported : Dmpu
2025-04-27 14:47:57,464 [ERROR] ConditionMgr:805 - Attr not supported : Dmpu
2025-04-27 14:47:57,464 [ERROR] ConditionMgr:805 - Attr not supported : Dmpu
2025-04-27 14:47:57,464 [ERROR] ConditionMgr:805 - Attr not supported : Dmpu
2025-04-27 14:47:57,464 [ERROR] ConditionMgr:805 - Attr not supported : Dmpu
2025-04-27 14:47:57,464 [ERROR] ConditionMgr:805 - Attr not supported : Dmpu
2025-04-27 14:47:57,465 [ERROR] ConditionMgr:805 - Attr not supported : Dmpu
2025-04-27 14:47:57,465 [ERROR] ConditionMgr:805 - Attr not supported : Dmpu
2025-04-27 14:47:57,465 [ERROR] ConditionMgr:805 - Attr not supported : Dmpu
2025-04-27 14:47:57,465 [ERROR] ConditionMgr:805 - Attr not supported : Dmpu
2025-04-27 14:47:57,465 [ERROR] ConditionMgr:805 - Attr not supported : Dmpu
2025-04-27 14:47:57,465 [ERROR] ConditionMgr:805 - Attr not supported : Dmpu
2025-04-27 14:47:57,465 [ERROR] ConditionMgr:805 - Attr not supported : Dmpu
2025-04-27 14:47:57,465 [ERROR] ConditionMgr:805 - Attr not supported : Dmpu
2025-04-27 14:47:57,465 [ERROR] ConditionMgr:805 - Attr not supported : Dmpu
2025-04-27 14:47:57,465 [ERROR] ConditionMgr:805 - Attr not supported : Dmpu
2025-04-27 14:47:57,465 [ERROR] ConditionMgr:805 - Attr not supported : Dmpu
2025-04-27 14:47:57,465 [ERROR] ConditionMgr:805 - Attr not supported : Dmpu
2025-04-27 14:47:57,466 [ERROR] ConditionMgr:805 - Attr not supported : Dmpu
2025-04-27 14:47:57,466 [ERROR] ConditionMgr:805 - Attr not supported : Dmpu
2025-04-27 14:47:57,466 [ERROR] ConditionMgr:805 - Attr not supported : Dmpu
2025-04-27 14:47:57,466 [ERROR] ConditionMgr:805 - Attr not supported : Dmpu
2025-04-27 14:47:57,466 [ERROR] ConditionMgr:805 - Attr not supported : Dmpu
2025-04-27 14:47:57,466 [ERROR] ConditionMgr:805 - Attr not supported : Dmpu
2025-04-27 14:47:57,466 [ERROR] ConditionMgr:805 - Attr not supported : Dmpu
2025-04-27 14:47:57,466 [ERROR] ConditionMgr:805 - Attr not supported : Dmpu
2025-04-27 14:47:57,466 [ERROR] ConditionMgr:805 - Attr not supported : Dmpu
2025-04-27 14:47:57,466 [ERROR] ConditionMgr:805 - Attr not supported : Dmpu
2025-04-27 14:47:57,467 [ERROR] ConditionMgr:805 - Attr not supported : Dmpu
2025-04-27 14:47:57,467 [ERROR] ConditionMgr:805 - Attr not supported : Dmpu
2025-04-27 14:47:57,467 [ERROR] ConditionMgr:805 - Attr not supported : Dmpu
2025-04-27 14:47:57,467 [ERROR] ConditionMgr:805 - Attr not supported : Dmpu
2025-04-27 14:47:57,467 [ERROR] ConditionMgr:805 - Attr not supported : Dmpu
2025-04-27 14:47:57,467 [ERROR] ConditionMgr:805 - Attr not supported : Dmpu
2025-04-27 14:47:57,467 [ERROR] ConditionMgr:805 - Attr not supported : Dmpu
2025-04-27 14:47:57,467 [ERROR] ConditionMgr:805 - Attr not supported : Dmpu
2025-04-27 14:47:57,467 [ERROR] ConditionMgr:805 - Attr not supported : Dmpu
2025-04-27 14:47:57,467 [ERROR] ConditionMgr:805 - Attr not supported : Dmpu
2025-04-27 14:47:57,467 [ERROR] ConditionMgr:805 - Attr not supported : Dmpu
2025-04-27 14:47:57,468 [ERROR] ConditionMgr:805 - Attr not supported : Dmpu
2025-04-27 14:47:57,468 [ERROR] ConditionMgr:805 - Attr not supported : Dmpu
2025-04-27 14:47:57,468 [ERROR] ConditionMgr:805 - Attr not supported : Dmpu
2025-04-27 14:47:57,468 [ERROR] ConditionMgr:805 - Attr not supported : Dmpu
2025-04-27 14:47:57,468 [ERROR] ConditionMgr:805 - Attr not supported : Dmpu
2025-04-27 14:47:57,468 [ERROR] ConditionMgr:805 - Attr not supported : Dmpu
2025-04-27 14:47:57,468 [ERROR] ConditionMgr:805 - Attr not supported : Dmpu
2025-04-27 14:47:57,468 [ERROR] ConditionMgr:805 - Attr not supported : Dmpu
2025-04-27 14:47:57,468 [ERROR] ConditionMgr:805 - Attr not supported : Dmpu
2025-04-27 14:47:57,473 [WARN] PackLoader:240 - Cannot read IP mode file for STMicroelectronics.X-CUBE-WB05N.2.0.0
2025-04-27 14:47:57,478 [ERROR] Engine:466 - /home/martin/.stm32cubemx/thirdparties/pdsc/STMicroelectronics.X-CUBE-TCPP.4.2.0.pdsc: PDSC version is not supported
2025-04-27 14:47:57,483 [WARN] PackLoader:240 - Cannot read IP mode file for RealThread.X-CUBE-RT-Thread_Nano.4.1.1
2025-04-27 14:47:57,487 [WARN] PackLoader:240 - Cannot read IP mode file for STMicroelectronics.FP-ATR-SIGFOX1.3.2.0
2025-04-27 14:47:57,490 [WARN] PackLoader:240 - Cannot read IP mode file for wolfSSL.I-CUBE-wolfSSL.5.7.2
2025-04-27 14:47:57,493 [WARN] ConditionMgr:438 - getConditionDescription Invalid condition id : Cortex-A Device cause : null
2025-04-27 14:47:57,505 [WARN] ConditionMgr:1039 - genDependencies : Invalid condition id : Cortex-A Device cause : null
2025-04-27 14:47:57,506 [WARN] ConditionMgr:1039 - genDependencies : Invalid condition id : Cortex-A Device cause : null
2025-04-27 14:47:57,506 [WARN] ConditionMgr:1039 - genDependencies : Invalid condition id : Cortex-A Device cause : null
2025-04-27 14:47:57,512 [WARN] PackLoader:240 - Cannot read IP mode file for STMicroelectronics.X-CUBE-EEPRMA1.5.1.0
2025-04-27 14:47:57,522 [WARN] PackLoader:240 - Cannot read IP mode file for ITTIA_DB.I-CUBE-ITTIADB.8.9.0
2025-04-27 14:47:57,575 [WARN] PackLoader:240 - Cannot read IP mode file for SEGGER.I-CUBE-embOS.1.3.1
2025-04-27 14:47:57,644 [WARN] PackLoader:240 - Cannot read IP mode file for STMicroelectronics.X-CUBE-ALGOBUILD.1.4.0
2025-04-27 14:47:57,652 [WARN] PackLoader:240 - Cannot read IP mode file for STMicroelectronics.X-CUBE-AI.9.1.0
2025-04-27 14:47:57,694 [WARN] PackLoader:240 - Cannot read IP mode file for STMicroelectronics.X-CUBE-AZRTOS-F4.1.1.0
2025-04-27 14:47:57,702 [ERROR] Engine:466 - /home/martin/.stm32cubemx/thirdparties/pdsc/Avnet-IotConnect.X-CUBE-IoTC-DA16k-PMOD.1.0.0.pdsc: PDSC version is not supported
2025-04-27 14:47:57,706 [WARN] PackLoader:240 - Cannot read IP mode file for STMicroelectronics.X-CUBE-ISPU.2.1.0
2025-04-27 14:47:57,714 [WARN] PackLoader:240 - Cannot read IP mode file for STMicroelectronics.X-CUBE-FREERTOS.1.2.0
2025-04-27 14:47:57,759 [WARN] PackLoader:240 - Cannot read IP mode file for STMicroelectronics.X-CUBE-AZRTOS-L5.2.0.0
2025-04-27 14:47:57,775 [WARN] PackLoader:240 - Cannot read IP mode file for STMicroelectronics.X-CUBE-NFC6.3.1.0
2025-04-27 14:47:57,788 [WARN] PackLoader:240 - Cannot read IP mode file for STMicroelectronics.X-CUBE-DPower.1.2.0
2025-04-27 14:47:57,794 [WARN] PackLoader:240 - Cannot read IP mode file for STMicroelectronics.X-CUBE-AI.9.0.0
2025-04-27 14:47:57,800 [WARN] PackLoader:240 - Cannot read IP mode file for STMicroelectronics.X-CUBE-FREERTOS.1.3.0
2025-04-27 14:47:57,808 [WARN] PackLoader:240 - Cannot read IP mode file for STMicroelectronics.X-CUBE-NFC7.1.0.1
2025-04-27 14:47:57,816 [WARN] PackLoader:240 - Cannot read IP mode file for STMicroelectronics.X-CUBE-DPower.1.3.0
2025-04-27 14:47:57,853 [WARN] ConditionMgr:438 - getConditionDescription Invalid condition id : LAN8742 Phy interface Condition cause : null
2025-04-27 14:47:57,854 [WARN] PackLoader:240 - Cannot read IP mode file for STMicroelectronics.X-CUBE-AZRTOS-L4.2.0.0
2025-04-27 14:47:57,855 [WARN] ConditionMgr:1039 - genDependencies : Invalid condition id : LAN8742 Phy interface Condition cause : null
2025-04-27 14:47:57,856 [WARN] ConditionMgr:1039 - genDependencies : Invalid condition id : LAN8742 Phy interface Condition cause : null
2025-04-27 14:47:57,856 [WARN] ConditionMgr:1039 - genDependencies : Invalid condition id : LAN8742 Phy interface Condition cause : null
2025-04-27 14:47:57,865 [WARN] PackLoader:240 - Cannot read IP mode file for STMicroelectronics.X-CUBE-SFXS2LP1.4.0.0
2025-04-27 14:47:57,909 [WARN] PackLoader:240 - Cannot read IP mode file for STMicroelectronics.X-CUBE-AZRTOS-H7.3.3.0
2025-04-27 14:47:57,925 [WARN] PackLoader:240 - Cannot read IP mode file for STMicroelectronics.X-CUBE-IPS.3.0.0
2025-04-27 14:47:57,947 [WARN] ConditionMgr:438 - getConditionDescription Invalid condition id : UX DEVICE CLASS RTOS Condition cause : null
2025-04-27 14:47:57,948 [WARN] ConditionMgr:438 - getConditionDescription Invalid condition id : UX DEVICE CLASS RTOS Condition cause : null
2025-04-27 14:47:57,952 [WARN] PackLoader:240 - Cannot read IP mode file for STMicroelectronics.X-CUBE-AZRTOS-WB.2.0.0
2025-04-27 14:47:57,953 [WARN] ConditionMgr:1039 - genDependencies : Invalid condition id : UX DEVICE CLASS RTOS Condition cause : null
2025-04-27 14:47:57,953 [WARN] ConditionMgr:1039 - genDependencies : Invalid condition id : UX DEVICE CLASS RTOS Condition cause : null
2025-04-27 14:47:57,954 [WARN] ConditionMgr:1039 - genDependencies : Invalid condition id : UX DEVICE CLASS RTOS Condition cause : null
2025-04-27 14:47:57,954 [WARN] ConditionMgr:1039 - genDependencies : Invalid condition id : UX DEVICE CLASS RTOS Condition cause : null
2025-04-27 14:47:57,954 [WARN] ConditionMgr:1039 - genDependencies : Invalid condition id : UX DEVICE CLASS RTOS Condition cause : null
2025-04-27 14:47:57,961 [WARN] PackLoader:240 - Cannot read IP mode file for STMicroelectronics.X-CUBE-GNSS1.7.0.0
2025-04-27 14:47:57,968 [WARN] PackLoader:240 - Cannot read IP mode file for STMicroelectronics.X-CUBE-GNSS1.7.0.1
2025-04-27 14:47:57,974 [WARN] PackLoader:240 - Cannot read IP mode file for STMicroelectronics.X-CUBE-TOUCHGFX.4.25.0
2025-04-27 14:47:57,980 [WARN] PackLoader:240 - Cannot read IP mode file for STMicroelectronics.FP-SNS-STBOX1.2.0.0
2025-04-27 14:47:58,000 [WARN] PackLoader:240 - Cannot read IP mode file for STMicroelectronics.X-CUBE-SUBG2.5.0.0
2025-04-27 14:47:58,041 [WARN] PackLoader:240 - Cannot read IP mode file for STMicroelectronics.X-CUBE-AZRTOS-H7RS.1.1.0
2025-04-27 14:47:58,048 [WARN] PackLoader:240 - Cannot read IP mode file for Cesanta.I-CUBE-Mongoose.7.13.0
2025-04-27 14:47:58,066 [WARN] PackLoader:240 - Cannot read IP mode file for STMicroelectronics.X-CUBE-AZRTOS-G4.2.0.0
2025-04-27 14:47:58,075 [ERROR] Engine:466 - /home/martin/.stm32cubemx/thirdparties/pdsc/STMicroelectronics.X-CUBE-IPS.3.1.0.pdsc: PDSC version is not supported
2025-04-27 14:47:58,078 [WARN] PackLoader:240 - Cannot read IP mode file for STMicroelectronics.X-CUBE-ALS.1.0.2
2025-04-27 14:47:58,082 [WARN] PackLoader:240 - Cannot read IP mode file for STMicroelectronics.X-CUBE-TOUCHGFX.4.24.2
2025-04-27 14:47:58,084 [WARN] PackLoader:240 - Cannot read IP mode file for STMicroelectronics.X-CUBE-TOUCHGFX.4.24.1
2025-04-27 14:47:58,087 [WARN] PackLoader:240 - Cannot read IP mode file for wolfSSL.I-CUBE-wolfTPM.3.4.0
2025-04-27 14:47:58,092 [WARN] PackLoader:240 - Cannot read IP mode file for portGmbH.I-Cube-SoM-uGOAL.1.1.0
2025-04-27 14:47:58,115 [WARN] PackLoader:240 - Cannot read IP mode file for STMicroelectronics.X-CUBE-AZRTOS-H7RS.1.0.0
2025-04-27 14:47:58,122 [WARN] PackLoader:240 - Cannot read IP mode file for STMicroelectronics.FP-ATR-ASTRA1.2.0.0
2025-04-27 14:47:58,135 [WARN] PackLoader:240 - Cannot read IP mode file for STMicroelectronics.X-CUBE-TOF1.3.4.2
2025-04-27 14:47:58,179 [ERROR] Engine:466 - /home/martin/.stm32cubemx/thirdparties/pdsc/STMicroelectronics.X-CUBE-TOF1.3.4.3.pdsc: PDSC version is not supported
2025-04-27 14:47:58,218 [WARN] PackLoader:240 - Cannot read IP mode file for Infineon.AIROC-Wi-Fi-Bluetooth-STM32.1.6.1
2025-04-27 14:47:58,229 [WARN] PackLoader:240 - Cannot read IP mode file for wolfSSL.I-CUBE-wolfSSH.1.4.17
2025-04-27 14:47:58,230 [INFO] ThirdParty:978 - Integrity check success = true
2025-04-27 14:47:58,231 [INFO] IntegrityCheckThread:100 - exiting critical section [integrity check]
2025-04-27 14:47:58,231 [INFO] IntegrityCheckThread:103 - End integrity checks thread
2025-04-27 14:53:32,668 [ERROR] LogOutputStream:75 - [STDERR_REDIRECT] 
